This file contains any messages produced by compilers while
running configure, to aid debugging if configure makes a mistake.

It was created by configure, which was
generated by GNU Autoconf 2.59.  Invocation command line was

  $ /home/dale/apps/otp_src_R13B/lib/odbc/./configure --prefix=/usr/local --prefix=/usr/local --cache-file=/dev/null --srcdir=/home/dale/apps/otp_src_R13B/lib --cache-file=/dev/null --srcdir=/home/dale/apps/otp_src_R13B/lib/odbc/.

## --------- ##
## Platform. ##
## --------- ##

hostname = dale
uname -m = i686
uname -r = 2.6.28-14-generic
uname -s = Linux
uname -v = #47-Ubuntu SMP Sat Jul 25 00:28:35 UTC 2009

/usr/bin/uname -p = unknown
/bin/uname -X     = unknown

/bin/arch              = unknown
/usr/bin/arch -k       = unknown
/usr/convex/getsysinfo = unknown
hostinfo               = unknown
/bin/machine           = unknown
/usr/bin/oslevel       = unknown
/bin/universe          = unknown

PATH: /home/dale/bin
PATH: /home/dale/erlang-r13/bin
PATH: /usr/local/sbin
PATH: /usr/local/bin
PATH: /usr/sbin
PATH: /usr/bin
PATH: /sbin
PATH: /bin
PATH: /usr/games


## ----------- ##
## Core tests. ##
## ----------- ##

configure:1338: checking build system type
configure:1356: result: i686-pc-linux-gnu
configure:1364: checking host system type
configure:1378: result: i686-pc-linux-gnu
configure:1436: checking for gcc
configure:1452: found /usr/bin/gcc
configure:1462: result: gcc
configure:1706: checking for C compiler version
configure:1709: gcc --version </dev/null >&5
gcc (Ubuntu 4.3.3-5ubuntu4) 4.3.3
Copyright (C) 2008 Free Software Foundation, Inc.
This is free software; see the source for copying conditions.  There is NO
warranty; not even for MERCHANTABILITY or FITNESS FOR A PARTICULAR PURPOSE.

configure:1712: $? = 0
configure:1714: gcc -v </dev/null >&5
Using built-in specs.
Target: i486-linux-gnu
Configured with: ../src/configure -v --with-pkgversion='Ubuntu 4.3.3-5ubuntu4' --with-bugurl=file:///usr/share/doc/gcc-4.3/README.Bugs --enable-languages=c,c++,fortran,objc,obj-c++ --prefix=/usr --enable-shared --with-system-zlib --libexecdir=/usr/lib --without-included-gettext --enable-threads=posix --enable-nls --with-gxx-include-dir=/usr/include/c++/4.3 --program-suffix=-4.3 --enable-clocale=gnu --enable-libstdcxx-debug --enable-objc-gc --enable-mpfr --enable-targets=all --with-tune=generic --enable-checking=release --build=i486-linux-gnu --host=i486-linux-gnu --target=i486-linux-gnu
Thread model: posix
gcc version 4.3.3 (Ubuntu 4.3.3-5ubuntu4) 
configure:1717: $? = 0
configure:1719: gcc -V </dev/null >&5
gcc: '-V' option must have argument
configure:1722: $? = 1
configure:1745: checking for C compiler default output file name
configure:1748: gcc    conftest.c  >&5
configure:1751: $? = 0
configure:1797: result: a.out
configure:1802: checking whether the C compiler works
configure:1808: ./a.out
configure:1811: $? = 0
configure:1828: result: yes
configure:1835: checking whether we are cross compiling
configure:1837: result: no
configure:1840: checking for suffix of executables
configure:1842: gcc -o conftest    conftest.c  >&5
configure:1845: $? = 0
configure:1870: result: 
configure:1876: checking for suffix of object files
configure:1897: gcc -c   conftest.c >&5
configure:1900: $? = 0
configure:1922: result: o
configure:1926: checking whether we are using the GNU C compiler
configure:1950: gcc -c   conftest.c >&5
configure:1956: $? = 0
configure:1960: test -z 
			 || test ! -s conftest.err
configure:1963: $? = 0
configure:1966: test -s conftest.o
configure:1969: $? = 0
configure:1982: result: yes
configure:1988: checking whether gcc accepts -g
configure:2009: gcc -c -g  conftest.c >&5
configure:2015: $? = 0
configure:2019: test -z 
			 || test ! -s conftest.err
configure:2022: $? = 0
configure:2025: test -s conftest.o
configure:2028: $? = 0
configure:2039: result: yes
configure:2056: checking for gcc option to accept ANSI C
configure:2126: gcc  -c -g -O2  conftest.c >&5
configure:2132: $? = 0
configure:2136: test -z 
			 || test ! -s conftest.err
configure:2139: $? = 0
configure:2142: test -s conftest.o
configure:2145: $? = 0
configure:2163: result: none needed
configure:2181: gcc -c -g -O2  conftest.c >&5
conftest.c:2: error: expected '=', ',', ';', 'asm' or '__attribute__' before 'me'
configure:2187: $? = 1
configure: failed program was:
| #ifndef __cplusplus
|   choke me
| #endif
configure:2321: checking for mixed cygwin and native VC++ environment
configure:2337: result: no
configure:2343: checking whether make sets $(MAKE)
configure:2363: result: yes
configure:2376: checking for ld.sh
configure:2405: result: no
configure:2376: checking for ld
configure:2392: found /usr/bin/ld
configure:2402: result: ld
configure:2435: checking for connect
configure:2492: gcc -o conftest -g -O2   conftest.c  >&5
configure:2498: $? = 0
configure:2502: test -z 
			 || test ! -s conftest.err
configure:2505: $? = 0
configure:2508: test -s conftest
configure:2511: $? = 0
configure:2523: result: yes
configure:2703: checking for gethostbyname
configure:2760: gcc -o conftest -g -O2   conftest.c  >&5
configure:2766: $? = 0
configure:2770: test -z 
			 || test ! -s conftest.err
configure:2773: $? = 0
configure:2776: test -s conftest
configure:2779: $? = 0
configure:2791: result: yes
configure:2866: checking how to run the C preprocessor
configure:2901: gcc -E  conftest.c
configure:2907: $? = 0
configure:2939: gcc -E  conftest.c
conftest.c:9:28: error: ac_nonexistent.h: No such file or directory
configure:2945: $? = 1
configure: failed program was:
| /* confdefs.h.  */
| 
| #define PACKAGE_NAME ""
| #define PACKAGE_TARNAME ""
| #define PACKAGE_VERSION ""
| #define PACKAGE_STRING ""
| #define PACKAGE_BUGREPORT ""
| /* end confdefs.h.  */
| #include <ac_nonexistent.h>
configure:2984: result: gcc -E
configure:3008: gcc -E  conftest.c
configure:3014: $? = 0
configure:3046: gcc -E  conftest.c
conftest.c:9:28: error: ac_nonexistent.h: No such file or directory
configure:3052: $? = 1
configure: failed program was:
| /* confdefs.h.  */
| 
| #define PACKAGE_NAME ""
| #define PACKAGE_TARNAME ""
| #define PACKAGE_VERSION ""
| #define PACKAGE_STRING ""
| #define PACKAGE_BUGREPORT ""
| /* end confdefs.h.  */
| #include <ac_nonexistent.h>
configure:3096: checking for egrep
configure:3106: result: grep -E
configure:3111: checking for ANSI C header files
configure:3136: gcc -c -g -O2  conftest.c >&5
configure:3142: $? = 0
configure:3146: test -z 
			 || test ! -s conftest.err
configure:3149: $? = 0
configure:3152: test -s conftest.o
configure:3155: $? = 0
configure:3244: gcc -o conftest -g -O2   conftest.c  >&5
conftest.c: In function 'main':
conftest.c:26: warning: incompatible implicit declaration of built-in function 'exit'
configure:3247: $? = 0
configure:3249: ./conftest
configure:3252: $? = 0
configure:3267: result: yes
configure:3695: checking fcntl.h usability
configure:3707: gcc -c -g -O2  conftest.c >&5
configure:3713: $? = 0
configure:3717: test -z 
			 || test ! -s conftest.err
configure:3720: $? = 0
configure:3723: test -s conftest.o
configure:3726: $? = 0
configure:3736: result: yes
configure:3740: checking fcntl.h presence
configure:3750: gcc -E  conftest.c
configure:3756: $? = 0
configure:3776: result: yes
configure:3811: checking for fcntl.h
configure:3818: result: yes
configure:3695: checking netdb.h usability
configure:3707: gcc -c -g -O2  conftest.c >&5
configure:3713: $? = 0
configure:3717: test -z 
			 || test ! -s conftest.err
configure:3720: $? = 0
configure:3723: test -s conftest.o
configure:3726: $? = 0
configure:3736: result: yes
configure:3740: checking netdb.h presence
configure:3750: gcc -E  conftest.c
configure:3756: $? = 0
configure:3776: result: yes
configure:3811: checking for netdb.h
configure:3818: result: yes
configure:3695: checking stdlib.h usability
configure:3707: gcc -c -g -O2  conftest.c >&5
configure:3713: $? = 0
configure:3717: test -z 
			 || test ! -s conftest.err
configure:3720: $? = 0
configure:3723: test -s conftest.o
configure:3726: $? = 0
configure:3736: result: yes
configure:3740: checking stdlib.h presence
configure:3750: gcc -E  conftest.c
configure:3756: $? = 0
configure:3776: result: yes
configure:3811: checking for stdlib.h
configure:3818: result: yes
configure:3695: checking string.h usability
configure:3707: gcc -c -g -O2  conftest.c >&5
configure:3713: $? = 0
configure:3717: test -z 
			 || test ! -s conftest.err
configure:3720: $? = 0
configure:3723: test -s conftest.o
configure:3726: $? = 0
configure:3736: result: yes
configure:3740: checking string.h presence
configure:3750: gcc -E  conftest.c
configure:3756: $? = 0
configure:3776: result: yes
configure:3811: checking for string.h
configure:3818: result: yes
configure:3695: checking sys/socket.h usability
configure:3707: gcc -c -g -O2  conftest.c >&5
configure:3713: $? = 0
configure:3717: test -z 
			 || test ! -s conftest.err
configure:3720: $? = 0
configure:3723: test -s conftest.o
configure:3726: $? = 0
configure:3736: result: yes
configure:3740: checking sys/socket.h presence
configure:3750: gcc -E  conftest.c
configure:3756: $? = 0
configure:3776: result: yes
configure:3811: checking for sys/socket.h
configure:3818: result: yes
configure:3832: checking for an ANSI C-conforming const
configure:3899: gcc -c -g -O2  conftest.c >&5
configure:3905: $? = 0
configure:3909: test -z 
			 || test ! -s conftest.err
configure:3912: $? = 0
configure:3915: test -s conftest.o
configure:3918: $? = 0
configure:3929: result: yes
configure:3939: checking for size_t
configure:3963: gcc -c -g -O2  conftest.c >&5
configure:3969: $? = 0
configure:3973: test -z 
			 || test ! -s conftest.err
configure:3976: $? = 0
configure:3979: test -s conftest.o
configure:3982: $? = 0
configure:3993: result: yes
configure:4011: checking for memset
configure:4068: gcc -o conftest -g -O2   conftest.c  >&5
conftest.c:39: warning: conflicting types for built-in function 'memset'
configure:4074: $? = 0
configure:4078: test -z 
			 || test ! -s conftest.err
configure:4081: $? = 0
configure:4084: test -s conftest
configure:4087: $? = 0
configure:4099: result: yes
configure:4011: checking for socket
configure:4068: gcc -o conftest -g -O2   conftest.c  >&5
configure:4074: $? = 0
configure:4078: test -z 
			 || test ! -s conftest.err
configure:4081: $? = 0
configure:4084: test -s conftest
configure:4087: $? = 0
configure:4099: result: yes
configure:4413: checking for pthread_create in -lpthread
configure:4443: gcc -o conftest -g -O2   conftest.c -lpthread   >&5
configure:4449: $? = 0
configure:4453: test -z 
			 || test ! -s conftest.err
configure:4456: $? = 0
configure:4459: test -s conftest
configure:4462: $? = 0
configure:4475: result: yes
configure:4488: checking for odbc in standard locations
configure:4507: result: -L/usr/lib
configure:4509: checking for SQLAllocHandle in -lodbc
configure:4539: gcc -o conftest -g -O2   conftest.c -lodbc   -lpthread >&5
configure:4545: $? = 0
configure:4549: test -z 
			 || test ! -s conftest.err
configure:4552: $? = 0
configure:4555: test -s conftest
configure:4558: $? = 0
configure:4571: result: yes
configure:4736: creating ./config.status

## ---------------------- ##
## Running config.status. ##
## ---------------------- ##

This file was extended by config.status, which was
generated by GNU Autoconf 2.59.  Invocation command line was

  CONFIG_FILES    = 
  CONFIG_HEADERS  = 
  CONFIG_LINKS    = 
  CONFIG_COMMANDS = 
  $ ./config.status 

on dale

config.status:647: creating c_src/i686-pc-linux-gnu/Makefile

## ---------------- ##
## Cache variables. ##
## ---------------- ##

ac_cv_build=i686-pc-linux-gnu
ac_cv_build_alias=i686-pc-linux-gnu
ac_cv_c_compiler_gnu=yes
ac_cv_c_const=yes
ac_cv_env_CC_set=
ac_cv_env_CC_value=
ac_cv_env_CFLAGS_set=
ac_cv_env_CFLAGS_value=
ac_cv_env_CPPFLAGS_set=
ac_cv_env_CPPFLAGS_value=
ac_cv_env_CPP_set=
ac_cv_env_CPP_value=
ac_cv_env_LDFLAGS_set=
ac_cv_env_LDFLAGS_value=
ac_cv_env_build_alias_set=
ac_cv_env_build_alias_value=
ac_cv_env_host_alias_set=
ac_cv_env_host_alias_value=
ac_cv_env_target_alias_set=
ac_cv_env_target_alias_value=
ac_cv_exeext=
ac_cv_func_connect=yes
ac_cv_func_gethostbyname=yes
ac_cv_func_memset=yes
ac_cv_func_socket=yes
ac_cv_header_fcntl_h=yes
ac_cv_header_netdb_h=yes
ac_cv_header_stdc=yes
ac_cv_header_stdlib_h=yes
ac_cv_header_string_h=yes
ac_cv_header_sys_socket_h=yes
ac_cv_host=i686-pc-linux-gnu
ac_cv_host_alias=i686-pc-linux-gnu
ac_cv_lib_odbc_SQLAllocHandle=yes
ac_cv_lib_pthread_pthread_create=yes
ac_cv_objext=o
ac_cv_prog_CPP='gcc -E'
ac_cv_prog_DED_LD=ld
ac_cv_prog_ac_ct_CC=gcc
ac_cv_prog_cc_g=yes
ac_cv_prog_cc_stdc=
ac_cv_prog_egrep='grep -E'
ac_cv_prog_make_make_set=yes
ac_cv_type_size_t=yes

## ----------------- ##
## Output variables. ##
## ----------------- ##

CC='gcc'
CFLAGS='-g -O2'
CPP='gcc -E'
CPPFLAGS=''
DED_LD='ld'
DEFS='-DPACKAGE_NAME=\"\" -DPACKAGE_TARNAME=\"\" -DPACKAGE_VERSION=\"\" -DPACKAGE_STRING=\"\" -DPACKAGE_BUGREPORT=\"\" -DSTDC_HEADERS=1 -DHAVE_FCNTL_H=1 -DHAVE_NETDB_H=1 -DHAVE_STDLIB_H=1 -DHAVE_STRING_H=1 -DHAVE_SYS_SOCKET_H=1 -DHAVE_MEMSET=1 -DHAVE_SOCKET=1 -DHAVE_LIBPTHREAD=1 '
ECHO_C=''
ECHO_N='-n'
ECHO_T=''
EGREP='grep -E'
EXEEXT=''
LDFLAGS=''
LIBOBJS=''
LIBS=' -lpthread'
LTLIBOBJS=''
MIXED_CYGWIN_VC='no'
OBJEXT='o'
ODBC_INCLUDE='-I/usr/include'
ODBC_LIB='-L/usr/lib -lodbc'
PACKAGE_BUGREPORT=''
PACKAGE_NAME=''
PACKAGE_STRING=''
PACKAGE_TARNAME=''
PACKAGE_VERSION=''
PATH_SEPARATOR=':'
SET_MAKE=''
SHELL='/bin/bash'
TARGET_FLAGS='-DUNIX'
ac_ct_CC='gcc'
bindir='${exec_prefix}/bin'
build='i686-pc-linux-gnu'
build_alias=''
build_cpu='i686'
build_os='linux-gnu'
build_vendor='pc'
datadir='${prefix}/share'
exec_prefix='${prefix}'
host='i686-pc-linux-gnu'
host_alias=''
host_cpu='i686'
host_os='linux-gnu'
host_vendor='pc'
includedir='${prefix}/include'
infodir='${prefix}/info'
libdir='${exec_prefix}/lib'
libexecdir='${exec_prefix}/libexec'
localstatedir='${prefix}/var'
mandir='${prefix}/man'
oldincludedir='/usr/include'
prefix='/usr/local'
program_transform_name='s,x,x,'
sbindir='${exec_prefix}/sbin'
sharedstatedir='${prefix}/com'
sysconfdir='${prefix}/etc'
target_alias=''

## ----------- ##
## confdefs.h. ##
## ----------- ##

#define HAVE_FCNTL_H 1
#define HAVE_LIBPTHREAD 1
#define HAVE_MEMSET 1
#define HAVE_NETDB_H 1
#define HAVE_SOCKET 1
#define HAVE_STDLIB_H 1
#define HAVE_STRING_H 1
#define HAVE_SYS_SOCKET_H 1
#define PACKAGE_BUGREPORT ""
#define PACKAGE_NAME ""
#define PACKAGE_STRING ""
#define PACKAGE_TARNAME ""
#define PACKAGE_VERSION ""
#define STDC_HEADERS 1

configure: exit 0
