This file contains any messages produced by compilers while
running configure, to aid debugging if configure makes a mistake.

It was created by configure, which was
generated by GNU Autoconf 2.59.  Invocation command line was

  $ /home/dale/apps/otp_src_R13B/lib/configure --prefix=/usr/local --cache-file=/dev/null --srcdir=/home/dale/apps/otp_src_R13B/lib

## --------- ##
## Platform. ##
## --------- ##

hostname = dale
uname -m = i686
uname -r = 2.6.28-14-generic
uname -s = Linux
uname -v = #47-Ubuntu SMP Sat Jul 25 00:28:35 UTC 2009

/usr/bin/uname -p = unknown
/bin/uname -X     = unknown

/bin/arch              = unknown
/usr/bin/arch -k       = unknown
/usr/convex/getsysinfo = unknown
hostinfo               = unknown
/bin/machine           = unknown
/usr/bin/oslevel       = unknown
/bin/universe          = unknown

PATH: /home/dale/bin
PATH: /home/dale/erlang-r13/bin
PATH: /usr/local/sbin
PATH: /usr/local/bin
PATH: /usr/sbin
PATH: /usr/bin
PATH: /sbin
PATH: /bin
PATH: /usr/games


## ----------- ##
## Core tests. ##
## ----------- ##

configure:1322: creating ./config.status

## ---------------------- ##
## Running config.status. ##
## ---------------------- ##

This file was extended by config.status, which was
generated by GNU Autoconf 2.59.  Invocation command line was

  CONFIG_FILES    = 
  CONFIG_HEADERS  = 
  CONFIG_LINKS    = 
  CONFIG_COMMANDS = 
  $ ./config.status 

on dale

configure:1812: configuring in common_test/.
configure:1929: running /bin/bash '/home/dale/apps/otp_src_R13B/lib/common_test/./configure' --prefix=/usr/local  '--prefix=/usr/local' '--cache-file=/dev/null' '--srcdir=/home/dale/apps/otp_src_R13B/lib' --cache-file=/dev/null --srcdir=/home/dale/apps/otp_src_R13B/lib/common_test/.
configure:1812: configuring in erl_interface/.
configure:1929: running /bin/bash '/home/dale/apps/otp_src_R13B/lib/erl_interface/./configure' --prefix=/usr/local  '--prefix=/usr/local' '--cache-file=/dev/null' '--srcdir=/home/dale/apps/otp_src_R13B/lib' --cache-file=/dev/null --srcdir=/home/dale/apps/otp_src_R13B/lib/erl_interface/.
configure:1812: configuring in gs/.
configure:1929: running /bin/bash '/home/dale/apps/otp_src_R13B/lib/gs/./configure' --prefix=/usr/local  '--prefix=/usr/local' '--cache-file=/dev/null' '--srcdir=/home/dale/apps/otp_src_R13B/lib' --cache-file=/dev/null --srcdir=/home/dale/apps/otp_src_R13B/lib/gs/.
configure:1812: configuring in megaco/.
configure:1929: running /bin/bash '/home/dale/apps/otp_src_R13B/lib/megaco/./configure' --prefix=/usr/local  '--prefix=/usr/local' '--cache-file=/dev/null' '--srcdir=/home/dale/apps/otp_src_R13B/lib' --cache-file=/dev/null --srcdir=/home/dale/apps/otp_src_R13B/lib/megaco/.
configure:1812: configuring in odbc/.
configure:1929: running /bin/bash '/home/dale/apps/otp_src_R13B/lib/odbc/./configure' --prefix=/usr/local  '--prefix=/usr/local' '--cache-file=/dev/null' '--srcdir=/home/dale/apps/otp_src_R13B/lib' --cache-file=/dev/null --srcdir=/home/dale/apps/otp_src_R13B/lib/odbc/.
configure:1812: configuring in snmp/.
configure:1929: running /bin/bash '/home/dale/apps/otp_src_R13B/lib/snmp/./configure' --prefix=/usr/local  '--prefix=/usr/local' '--cache-file=/dev/null' '--srcdir=/home/dale/apps/otp_src_R13B/lib' --cache-file=/dev/null --srcdir=/home/dale/apps/otp_src_R13B/lib/snmp/.
configure:1812: configuring in wx/.
configure:1929: running /bin/bash '/home/dale/apps/otp_src_R13B/lib/wx/./configure' --prefix=/usr/local  '--prefix=/usr/local' '--cache-file=/dev/null' '--srcdir=/home/dale/apps/otp_src_R13B/lib' --cache-file=/dev/null --srcdir=/home/dale/apps/otp_src_R13B/lib/wx/.

## ---------------- ##
## Cache variables. ##
## ---------------- ##

ac_cv_env_build_alias_set=
ac_cv_env_build_alias_value=
ac_cv_env_host_alias_set=
ac_cv_env_host_alias_value=
ac_cv_env_target_alias_set=
ac_cv_env_target_alias_value=

## ----------------- ##
## Output variables. ##
## ----------------- ##

DEFS='-DPACKAGE_NAME=\"\" -DPACKAGE_TARNAME=\"\" -DPACKAGE_VERSION=\"\" -DPACKAGE_STRING=\"\" -DPACKAGE_BUGREPORT=\"\" '
ECHO_C=''
ECHO_N='-n'
ECHO_T=''
LIBOBJS=''
LIBS=''
LTLIBOBJS=''
PACKAGE_BUGREPORT=''
PACKAGE_NAME=''
PACKAGE_STRING=''
PACKAGE_TARNAME=''
PACKAGE_VERSION=''
PATH_SEPARATOR=':'
SHELL='/bin/bash'
bindir='${exec_prefix}/bin'
build_alias=''
datadir='${prefix}/share'
exec_prefix='${prefix}'
host_alias=''
includedir='${prefix}/include'
infodir='${prefix}/info'
libdir='${exec_prefix}/lib'
libexecdir='${exec_prefix}/libexec'
localstatedir='${prefix}/var'
mandir='${prefix}/man'
oldincludedir='/usr/include'
prefix='/usr/local'
program_transform_name='s,x,x,'
sbindir='${exec_prefix}/sbin'
sharedstatedir='${prefix}/com'
subdirs='  common_test/. erl_interface/. gs/. megaco/. odbc/. snmp/. wx/.'
sysconfdir='${prefix}/etc'
target_alias=''

## ----------- ##
## confdefs.h. ##
## ----------- ##

#define PACKAGE_BUGREPORT ""
#define PACKAGE_NAME ""
#define PACKAGE_STRING ""
#define PACKAGE_TARNAME ""
#define PACKAGE_VERSION ""

configure: exit 0
