This file contains any messages produced by compilers while
running configure, to aid debugging if configure makes a mistake.

It was created by configure, which was
generated by GNU Autoconf 2.59.  Invocation command line was

  $ /home/dale/apps/otp_src_R13B/lib/megaco/./configure --prefix=/usr/local --prefix=/usr/local --cache-file=/dev/null --srcdir=/home/dale/apps/otp_src_R13B/lib --cache-file=/dev/null --srcdir=/home/dale/apps/otp_src_R13B/lib/megaco/.

## --------- ##
## Platform. ##
## --------- ##

hostname = dale
uname -m = i686
uname -r = 2.6.28-14-generic
uname -s = Linux
uname -v = #47-Ubuntu SMP Sat Jul 25 00:28:35 UTC 2009

/usr/bin/uname -p = unknown
/bin/uname -X     = unknown

/bin/arch              = unknown
/usr/bin/arch -k       = unknown
/usr/convex/getsysinfo = unknown
hostinfo               = unknown
/bin/machine           = unknown
/usr/bin/oslevel       = unknown
/bin/universe          = unknown

PATH: /home/dale/bin
PATH: /home/dale/erlang-r13/bin
PATH: /usr/local/sbin
PATH: /usr/local/bin
PATH: /usr/sbin
PATH: /usr/bin
PATH: /sbin
PATH: /bin
PATH: /usr/games


## ----------- ##
## Core tests. ##
## ----------- ##

configure:1301: checking build system type
configure:1319: result: i686-pc-linux-gnu
configure:1327: checking host system type
configure:1341: result: i686-pc-linux-gnu
configure:1403: checking for gcc
configure:1419: found /usr/bin/gcc
configure:1429: result: gcc
configure:1673: checking for C compiler version
configure:1676: gcc --version </dev/null >&5
gcc (Ubuntu 4.3.3-5ubuntu4) 4.3.3
Copyright (C) 2008 Free Software Foundation, Inc.
This is free software; see the source for copying conditions.  There is NO
warranty; not even for MERCHANTABILITY or FITNESS FOR A PARTICULAR PURPOSE.

configure:1679: $? = 0
configure:1681: gcc -v </dev/null >&5
Using built-in specs.
Target: i486-linux-gnu
Configured with: ../src/configure -v --with-pkgversion='Ubuntu 4.3.3-5ubuntu4' --with-bugurl=file:///usr/share/doc/gcc-4.3/README.Bugs --enable-languages=c,c++,fortran,objc,obj-c++ --prefix=/usr --enable-shared --with-system-zlib --libexecdir=/usr/lib --without-included-gettext --enable-threads=posix --enable-nls --with-gxx-include-dir=/usr/include/c++/4.3 --program-suffix=-4.3 --enable-clocale=gnu --enable-libstdcxx-debug --enable-objc-gc --enable-mpfr --enable-targets=all --with-tune=generic --enable-checking=release --build=i486-linux-gnu --host=i486-linux-gnu --target=i486-linux-gnu
Thread model: posix
gcc version 4.3.3 (Ubuntu 4.3.3-5ubuntu4) 
configure:1684: $? = 0
configure:1686: gcc -V </dev/null >&5
gcc: '-V' option must have argument
configure:1689: $? = 1
configure:1712: checking for C compiler default output file name
configure:1715: gcc    conftest.c  >&5
configure:1718: $? = 0
configure:1764: result: a.out
configure:1769: checking whether the C compiler works
configure:1775: ./a.out
configure:1778: $? = 0
configure:1795: result: yes
configure:1802: checking whether we are cross compiling
configure:1804: result: no
configure:1807: checking for suffix of executables
configure:1809: gcc -o conftest    conftest.c  >&5
configure:1812: $? = 0
configure:1837: result: 
configure:1843: checking for suffix of object files
configure:1864: gcc -c   conftest.c >&5
configure:1867: $? = 0
configure:1889: result: o
configure:1893: checking whether we are using the GNU C compiler
configure:1917: gcc -c   conftest.c >&5
configure:1923: $? = 0
configure:1927: test -z 
			 || test ! -s conftest.err
configure:1930: $? = 0
configure:1933: test -s conftest.o
configure:1936: $? = 0
configure:1949: result: yes
configure:1955: checking whether gcc accepts -g
configure:1976: gcc -c -g  conftest.c >&5
configure:1982: $? = 0
configure:1986: test -z 
			 || test ! -s conftest.err
configure:1989: $? = 0
configure:1992: test -s conftest.o
configure:1995: $? = 0
configure:2006: result: yes
configure:2023: checking for gcc option to accept ANSI C
configure:2093: gcc  -c -g -O2  conftest.c >&5
configure:2099: $? = 0
configure:2103: test -z 
			 || test ! -s conftest.err
configure:2106: $? = 0
configure:2109: test -s conftest.o
configure:2112: $? = 0
configure:2130: result: none needed
configure:2148: gcc -c -g -O2  conftest.c >&5
conftest.c:2: error: expected '=', ',', ';', 'asm' or '__attribute__' before 'me'
configure:2154: $? = 1
configure: failed program was:
| #ifndef __cplusplus
|   choke me
| #endif
configure:2292: checking for flex
configure:2308: found /usr/bin/flex
configure:2318: result: flex
configure:2331: checking for yywrap in -lfl
configure:2361: gcc -o conftest -g -O2   conftest.c -lfl   >&5
configure:2367: $? = 0
configure:2371: test -z 
			 || test ! -s conftest.err
configure:2374: $? = 0
configure:2377: test -s conftest
configure:2380: $? = 0
configure:2393: result: yes
configure:2471: checking lex output file root
configure:2482: flex conftest.l
configure:2485: $? = 0
configure:2497: result: lex.yy
configure:2502: checking whether yytext is a pointer
configure:2518: gcc -o conftest -g -O2   conftest.c  -lfl >&5
configure:2524: $? = 0
configure:2528: test -z 
			 || test ! -s conftest.err
configure:2531: $? = 0
configure:2534: test -s conftest
configure:2537: $? = 0
configure:2551: result: yes
configure:2632: checking for gcc
configure:2658: result: gcc
configure:2902: checking for C compiler version
configure:2905: gcc --version </dev/null >&5
gcc (Ubuntu 4.3.3-5ubuntu4) 4.3.3
Copyright (C) 2008 Free Software Foundation, Inc.
This is free software; see the source for copying conditions.  There is NO
warranty; not even for MERCHANTABILITY or FITNESS FOR A PARTICULAR PURPOSE.

configure:2908: $? = 0
configure:2910: gcc -v </dev/null >&5
Using built-in specs.
Target: i486-linux-gnu
Configured with: ../src/configure -v --with-pkgversion='Ubuntu 4.3.3-5ubuntu4' --with-bugurl=file:///usr/share/doc/gcc-4.3/README.Bugs --enable-languages=c,c++,fortran,objc,obj-c++ --prefix=/usr --enable-shared --with-system-zlib --libexecdir=/usr/lib --without-included-gettext --enable-threads=posix --enable-nls --with-gxx-include-dir=/usr/include/c++/4.3 --program-suffix=-4.3 --enable-clocale=gnu --enable-libstdcxx-debug --enable-objc-gc --enable-mpfr --enable-targets=all --with-tune=generic --enable-checking=release --build=i486-linux-gnu --host=i486-linux-gnu --target=i486-linux-gnu
Thread model: posix
gcc version 4.3.3 (Ubuntu 4.3.3-5ubuntu4) 
configure:2913: $? = 0
configure:2915: gcc -V </dev/null >&5
gcc: '-V' option must have argument
configure:2918: $? = 1
configure:2921: checking whether we are using the GNU C compiler
configure:2977: result: yes
configure:2983: checking whether gcc accepts -g
configure:3034: result: yes
configure:3051: checking for gcc option to accept ANSI C
configure:3158: result: none needed
configure:3176: gcc -c -g -O2  conftest.c >&5
conftest.c:2: error: expected '=', ',', ';', 'asm' or '__attribute__' before 'me'
configure:3182: $? = 1
configure: failed program was:
| #ifndef __cplusplus
|   choke me
| #endif
configure:3348: checking for ld.sh
configure:3377: result: no
configure:3348: checking for ld
configure:3364: found /usr/bin/ld
configure:3374: result: ld
configure:3392: checking for linker flags for loadable drivers
configure:3419: result: -shared
configure:3426: checking for perl
configure:3442: found /usr/bin/perl
configure:3453: result: perl
configure:3550: creating ./config.status

## ---------------------- ##
## Running config.status. ##
## ---------------------- ##

This file was extended by config.status, which was
generated by GNU Autoconf 2.59.  Invocation command line was

  CONFIG_FILES    = 
  CONFIG_HEADERS  = 
  CONFIG_LINKS    = 
  CONFIG_COMMANDS = 
  $ ./config.status 

on dale

config.status:649: creating src/flex/i686-pc-linux-gnu/Makefile

## ---------------- ##
## Cache variables. ##
## ---------------- ##

ac_cv_build=i686-pc-linux-gnu
ac_cv_build_alias=i686-pc-linux-gnu
ac_cv_c_compiler_gnu=yes
ac_cv_env_CC_set=
ac_cv_env_CC_value=
ac_cv_env_CFLAGS_set=
ac_cv_env_CFLAGS_value=
ac_cv_env_CPPFLAGS_set=
ac_cv_env_CPPFLAGS_value=
ac_cv_env_LDFLAGS_set=
ac_cv_env_LDFLAGS_value=
ac_cv_env_build_alias_set=
ac_cv_env_build_alias_value=
ac_cv_env_host_alias_set=
ac_cv_env_host_alias_value=
ac_cv_env_target_alias_set=
ac_cv_env_target_alias_value=
ac_cv_exeext=
ac_cv_host=i686-pc-linux-gnu
ac_cv_host_alias=i686-pc-linux-gnu
ac_cv_lib_fl_yywrap=yes
ac_cv_objext=o
ac_cv_prog_DED_LD=ld
ac_cv_prog_LEX=flex
ac_cv_prog_PERL=perl
ac_cv_prog_ac_ct_CC=gcc
ac_cv_prog_cc_g=yes
ac_cv_prog_cc_stdc=
ac_cv_prog_lex_root=lex.yy
ac_cv_prog_lex_yytext_pointer=yes

## ----------------- ##
## Output variables. ##
## ----------------- ##

CC='gcc'
CFLAGS='-g -O2 -I/home/dale/apps/otp_src_R13B/erts/i686-pc-linux-gnu '
CPPFLAGS=''
DED_CFLAGS='-g -O2 -I/home/dale/apps/otp_src_R13B/erts/i686-pc-linux-gnu  -fPIC '
DED_LD='ld'
DED_LDFLAGS='-shared'
DEFS='-DPACKAGE_NAME=\"\" -DPACKAGE_TARNAME=\"\" -DPACKAGE_VERSION=\"\" -DPACKAGE_STRING=\"\" -DPACKAGE_BUGREPORT=\"\" -DYYTEXT_POINTER=1 '
ECHO_C=''
ECHO_N='-n'
ECHO_T=''
ENABLE_MEGACO_FLEX_SCANNER='true'
ENABLE_MEGACO_FLEX_SCANNER_LINENO='true'
ERLANG_OSTYPE='unix'
EXEEXT=''
LDFLAGS=''
LEX='flex'
LEXLIB='-lfl'
LEX_OUTPUT_ROOT='lex.yy'
LIBOBJS=''
LIBS=''
LTLIBOBJS=''
OBJEXT='o'
PACKAGE_BUGREPORT=''
PACKAGE_NAME=''
PACKAGE_STRING=''
PACKAGE_TARNAME=''
PACKAGE_VERSION=''
PATH_SEPARATOR=':'
PERL='perl'
SHELL='/bin/bash'
ac_ct_CC='gcc'
bindir='${exec_prefix}/bin'
build='i686-pc-linux-gnu'
build_alias=''
build_cpu='i686'
build_os='linux-gnu'
build_vendor='pc'
datadir='${prefix}/share'
exec_prefix='${prefix}'
host='i686-pc-linux-gnu'
host_alias=''
host_cpu='i686'
host_os='linux-gnu'
host_vendor='pc'
includedir='${prefix}/include'
infodir='${prefix}/info'
libdir='${exec_prefix}/lib'
libexecdir='${exec_prefix}/libexec'
localstatedir='${prefix}/var'
mandir='${prefix}/man'
oldincludedir='/usr/include'
prefix='/usr/local'
program_transform_name='s,x,x,'
sbindir='${exec_prefix}/sbin'
sharedstatedir='${prefix}/com'
sysconfdir='${prefix}/etc'
target_alias=''

## ----------- ##
## confdefs.h. ##
## ----------- ##

#define PACKAGE_BUGREPORT ""
#define PACKAGE_NAME ""
#define PACKAGE_STRING ""
#define PACKAGE_TARNAME ""
#define PACKAGE_VERSION ""
#define YYTEXT_POINTER 1

configure: exit 0
