This file contains any messages produced by compilers while
running configure, to aid debugging if configure makes a mistake.

It was created by configure, which was
generated by GNU Autoconf 2.59.  Invocation command line was

  $ ./configure 

## --------- ##
## Platform. ##
## --------- ##

hostname = dale
uname -m = i686
uname -r = 2.6.28-14-generic
uname -s = Linux
uname -v = #47-Ubuntu SMP Sat Jul 25 00:28:35 UTC 2009

/usr/bin/uname -p = unknown
/bin/uname -X     = unknown

/bin/arch              = unknown
/usr/bin/arch -k       = unknown
/usr/convex/getsysinfo = unknown
hostinfo               = unknown
/bin/machine           = unknown
/usr/bin/oslevel       = unknown
/bin/universe          = unknown

PATH: /home/dale/bin
PATH: /home/dale/erlang-r13/bin
PATH: /usr/local/sbin
PATH: /usr/local/bin
PATH: /usr/sbin
PATH: /usr/bin
PATH: /sbin
PATH: /bin
PATH: /usr/games


## ----------- ##
## Core tests. ##
## ----------- ##

configure:1353: checking build system type
configure:1371: result: i686-pc-linux-gnu
configure:1379: checking host system type
configure:1393: result: i686-pc-linux-gnu
configure:1454: checking for gcc
configure:1470: found /usr/bin/gcc
configure:1480: result: gcc
configure:1724: checking for C compiler version
configure:1727: gcc --version </dev/null >&5
gcc (Ubuntu 4.3.3-5ubuntu4) 4.3.3
Copyright (C) 2008 Free Software Foundation, Inc.
This is free software; see the source for copying conditions.  There is NO
warranty; not even for MERCHANTABILITY or FITNESS FOR A PARTICULAR PURPOSE.

configure:1730: $? = 0
configure:1732: gcc -v </dev/null >&5
Using built-in specs.
Target: i486-linux-gnu
Configured with: ../src/configure -v --with-pkgversion='Ubuntu 4.3.3-5ubuntu4' --with-bugurl=file:///usr/share/doc/gcc-4.3/README.Bugs --enable-languages=c,c++,fortran,objc,obj-c++ --prefix=/usr --enable-shared --with-system-zlib --libexecdir=/usr/lib --without-included-gettext --enable-threads=posix --enable-nls --with-gxx-include-dir=/usr/include/c++/4.3 --program-suffix=-4.3 --enable-clocale=gnu --enable-libstdcxx-debug --enable-objc-gc --enable-mpfr --enable-targets=all --with-tune=generic --enable-checking=release --build=i486-linux-gnu --host=i486-linux-gnu --target=i486-linux-gnu
Thread model: posix
gcc version 4.3.3 (Ubuntu 4.3.3-5ubuntu4) 
configure:1735: $? = 0
configure:1737: gcc -V </dev/null >&5
gcc: '-V' option must have argument
configure:1740: $? = 1
configure:1763: checking for C compiler default output file name
configure:1766: gcc    conftest.c  >&5
configure:1769: $? = 0
configure:1815: result: a.out
configure:1820: checking whether the C compiler works
configure:1826: ./a.out
configure:1829: $? = 0
configure:1846: result: yes
configure:1853: checking whether we are cross compiling
configure:1855: result: no
configure:1858: checking for suffix of executables
configure:1860: gcc -o conftest    conftest.c  >&5
configure:1863: $? = 0
configure:1888: result: 
configure:1894: checking for suffix of object files
configure:1915: gcc -c   conftest.c >&5
configure:1918: $? = 0
configure:1940: result: o
configure:1944: checking whether we are using the GNU C compiler
configure:1968: gcc -c   conftest.c >&5
configure:1974: $? = 0
configure:1978: test -z 
			 || test ! -s conftest.err
configure:1981: $? = 0
configure:1984: test -s conftest.o
configure:1987: $? = 0
configure:2000: result: yes
configure:2006: checking whether gcc accepts -g
configure:2027: gcc -c -g  conftest.c >&5
configure:2033: $? = 0
configure:2037: test -z 
			 || test ! -s conftest.err
configure:2040: $? = 0
configure:2043: test -s conftest.o
configure:2046: $? = 0
configure:2057: result: yes
configure:2074: checking for gcc option to accept ANSI C
configure:2144: gcc  -c -g -O2  conftest.c >&5
configure:2150: $? = 0
configure:2154: test -z 
			 || test ! -s conftest.err
configure:2157: $? = 0
configure:2160: test -s conftest.o
configure:2163: $? = 0
configure:2181: result: none needed
configure:2199: gcc -c -g -O2  conftest.c >&5
conftest.c:2: error: expected '=', ',', ';', 'asm' or '__attribute__' before 'me'
configure:2205: $? = 1
configure: failed program was:
| #ifndef __cplusplus
|   choke me
| #endif
configure:2343: checking for GNU make
configure:2381: result: yes (make)
configure:2400: checking for a BSD-compatible install
configure:2455: result: /usr/bin/install -c
configure:2473: checking whether ln -s works
configure:2477: result: yes
configure:2525: checking for ranlib
configure:2541: found /usr/bin/ranlib
configure:2552: result: ranlib
configure:2841: creating ./config.status

## ---------------------- ##
## Running config.status. ##
## ---------------------- ##

This file was extended by config.status, which was
generated by GNU Autoconf 2.59.  Invocation command line was

  CONFIG_FILES    = 
  CONFIG_HEADERS  = 
  CONFIG_LINKS    = 
  CONFIG_COMMANDS = 
  $ ./config.status 

on dale

config.status:656: creating Makefile
configure:3693: configuring in lib
configure:3810: running /bin/bash '/home/dale/apps/otp_src_R13B/lib/configure' --prefix=/usr/local  --cache-file=/dev/null --srcdir=/home/dale/apps/otp_src_R13B/lib
configure:3693: configuring in erts
configure:3810: running /bin/bash '/home/dale/apps/otp_src_R13B/erts/configure' --prefix=/usr/local  --cache-file=/dev/null --srcdir=/home/dale/apps/otp_src_R13B/erts

## ---------------- ##
## Cache variables. ##
## ---------------- ##

ac_cv_build=i686-pc-linux-gnu
ac_cv_build_alias=i686-pc-linux-gnu
ac_cv_c_compiler_gnu=yes
ac_cv_env_CC_set=
ac_cv_env_CC_value=
ac_cv_env_CFLAGS_set=
ac_cv_env_CFLAGS_value=
ac_cv_env_CPPFLAGS_set=
ac_cv_env_CPPFLAGS_value=
ac_cv_env_LDFLAGS_set=
ac_cv_env_LDFLAGS_value=
ac_cv_env_build_alias_set=
ac_cv_env_build_alias_value=
ac_cv_env_host_alias_set=
ac_cv_env_host_alias_value=
ac_cv_env_target_alias_set=
ac_cv_env_target_alias_value=
ac_cv_exeext=
ac_cv_host=i686-pc-linux-gnu
ac_cv_host_alias=i686-pc-linux-gnu
ac_cv_objext=o
ac_cv_path_install='/usr/bin/install -c'
ac_cv_prog_ac_ct_CC=gcc
ac_cv_prog_ac_ct_RANLIB=ranlib
ac_cv_prog_cc_g=yes
ac_cv_prog_cc_stdc=

## ----------------- ##
## Output variables. ##
## ----------------- ##

CC='gcc'
CFLAGS='-g -O2'
CPPFLAGS=''
DEFS='-DPACKAGE_NAME=\"\" -DPACKAGE_TARNAME=\"\" -DPACKAGE_VERSION=\"\" -DPACKAGE_STRING=\"\" -DPACKAGE_BUGREPORT=\"\" '
ECHO_C=''
ECHO_N='-n'
ECHO_T=''
ERL_TOP='/home/dale/apps/otp_src_R13B'
ERTS='erts-5.7.1'
EXEEXT=''
INSTALL_DATA='${INSTALL} -m 644'
INSTALL_PROGRAM='${INSTALL}'
INSTALL_SCRIPT='${INSTALL}'
LDFLAGS=''
LIBOBJS=''
LIBS=''
LN_S='ln -s'
LTLIBOBJS=''
MAKE_PROG='make'
OBJEXT='o'
PACKAGE_BUGREPORT=''
PACKAGE_NAME=''
PACKAGE_STRING=''
PACKAGE_TARNAME=''
PACKAGE_VERSION=''
PATH_SEPARATOR=':'
RANLIB='ranlib'
SHELL='/bin/bash'
TARGET='i686-pc-linux-gnu'
ac_ct_CC='gcc'
ac_ct_RANLIB='ranlib'
bindir='${exec_prefix}/bin'
build='i686-pc-linux-gnu'
build_alias=''
build_cpu='i686'
build_os='linux-gnu'
build_vendor='pc'
datadir='${prefix}/share'
erl_mandir='$(ERLANG_ILIBDIR)/man'
exec_prefix='${prefix}'
host='i686-pc-linux-gnu'
host_alias=''
host_cpu='i686'
host_os='linux-gnu'
host_vendor='pc'
includedir='${prefix}/include'
infodir='${prefix}/info'
libdir='${exec_prefix}/lib'
libexecdir='${exec_prefix}/libexec'
localstatedir='${prefix}/var'
mandir='${prefix}/man'
oldincludedir='/usr/include'
prefix='/usr/local'
program_transform_name='s,x,x,'
sbindir='${exec_prefix}/sbin'
sharedstatedir='${prefix}/com'
subdirs=' lib erts'
sysconfdir='${prefix}/etc'
target_alias=''

## ----------- ##
## confdefs.h. ##
## ----------- ##

#define PACKAGE_BUGREPORT ""
#define PACKAGE_NAME ""
#define PACKAGE_STRING ""
#define PACKAGE_TARNAME ""
#define PACKAGE_VERSION ""

configure: exit 0
