This file contains any messages produced by compilers while
running configure, to aid debugging if configure makes a mistake.

It was created by configure, which was
generated by GNU Autoconf 2.59.  Invocation command line was

  $ /home/dale/apps/otp_src_R13B/lib/erl_interface/./configure --prefix=/usr/local --prefix=/usr/local --cache-file=/dev/null --srcdir=/home/dale/apps/otp_src_R13B/lib --cache-file=/dev/null --srcdir=/home/dale/apps/otp_src_R13B/lib/erl_interface/.

## --------- ##
## Platform. ##
## --------- ##

hostname = dale
uname -m = i686
uname -r = 2.6.28-14-generic
uname -s = Linux
uname -v = #47-Ubuntu SMP Sat Jul 25 00:28:35 UTC 2009

/usr/bin/uname -p = unknown
/bin/uname -X     = unknown

/bin/arch              = unknown
/usr/bin/arch -k       = unknown
/usr/convex/getsysinfo = unknown
hostinfo               = unknown
/bin/machine           = unknown
/usr/bin/oslevel       = unknown
/bin/universe          = unknown

PATH: /home/dale/bin
PATH: /home/dale/erlang-r13/bin
PATH: /usr/local/sbin
PATH: /usr/local/bin
PATH: /usr/sbin
PATH: /usr/bin
PATH: /sbin
PATH: /bin
PATH: /usr/games


## ----------- ##
## Core tests. ##
## ----------- ##

configure:1361: checking build system type
configure:1379: result: i686-pc-linux-gnu
configure:1387: checking host system type
configure:1401: result: i686-pc-linux-gnu
configure:1490: checking for gcc
configure:1506: found /usr/bin/gcc
configure:1516: result: gcc
configure:1760: checking for C compiler version
configure:1763: gcc --version </dev/null >&5
gcc (Ubuntu 4.3.3-5ubuntu4) 4.3.3
Copyright (C) 2008 Free Software Foundation, Inc.
This is free software; see the source for copying conditions.  There is NO
warranty; not even for MERCHANTABILITY or FITNESS FOR A PARTICULAR PURPOSE.

configure:1766: $? = 0
configure:1768: gcc -v </dev/null >&5
Using built-in specs.
Target: i486-linux-gnu
Configured with: ../src/configure -v --with-pkgversion='Ubuntu 4.3.3-5ubuntu4' --with-bugurl=file:///usr/share/doc/gcc-4.3/README.Bugs --enable-languages=c,c++,fortran,objc,obj-c++ --prefix=/usr --enable-shared --with-system-zlib --libexecdir=/usr/lib --without-included-gettext --enable-threads=posix --enable-nls --with-gxx-include-dir=/usr/include/c++/4.3 --program-suffix=-4.3 --enable-clocale=gnu --enable-libstdcxx-debug --enable-objc-gc --enable-mpfr --enable-targets=all --with-tune=generic --enable-checking=release --build=i486-linux-gnu --host=i486-linux-gnu --target=i486-linux-gnu
Thread model: posix
gcc version 4.3.3 (Ubuntu 4.3.3-5ubuntu4) 
configure:1771: $? = 0
configure:1773: gcc -V </dev/null >&5
gcc: '-V' option must have argument
configure:1776: $? = 1
configure:1799: checking for C compiler default output file name
configure:1802: gcc    conftest.c  >&5
configure:1805: $? = 0
configure:1851: result: a.out
configure:1856: checking whether the C compiler works
configure:1862: ./a.out
configure:1865: $? = 0
configure:1882: result: yes
configure:1889: checking whether we are cross compiling
configure:1891: result: no
configure:1894: checking for suffix of executables
configure:1896: gcc -o conftest    conftest.c  >&5
configure:1899: $? = 0
configure:1924: result: 
configure:1930: checking for suffix of object files
configure:1951: gcc -c   conftest.c >&5
configure:1954: $? = 0
configure:1976: result: o
configure:1980: checking whether we are using the GNU C compiler
configure:2004: gcc -c   conftest.c >&5
configure:2010: $? = 0
configure:2014: test -z 
			 || test ! -s conftest.err
configure:2017: $? = 0
configure:2020: test -s conftest.o
configure:2023: $? = 0
configure:2036: result: yes
configure:2042: checking whether gcc accepts -g
configure:2063: gcc -c -g  conftest.c >&5
configure:2069: $? = 0
configure:2073: test -z 
			 || test ! -s conftest.err
configure:2076: $? = 0
configure:2079: test -s conftest.o
configure:2082: $? = 0
configure:2093: result: yes
configure:2110: checking for gcc option to accept ANSI C
configure:2180: gcc  -c -g -O2  conftest.c >&5
configure:2186: $? = 0
configure:2190: test -z 
			 || test ! -s conftest.err
configure:2193: $? = 0
configure:2196: test -s conftest.o
configure:2199: $? = 0
configure:2217: result: none needed
configure:2235: gcc -c -g -O2  conftest.c >&5
conftest.c:2: error: expected '=', ',', ';', 'asm' or '__attribute__' before 'me'
configure:2241: $? = 1
configure: failed program was:
| #ifndef __cplusplus
|   choke me
| #endif
configure:2379: checking how to run the C preprocessor
configure:2414: gcc -E  conftest.c
configure:2420: $? = 0
configure:2452: gcc -E  conftest.c
conftest.c:9:28: error: ac_nonexistent.h: No such file or directory
configure:2458: $? = 1
configure: failed program was:
| /* confdefs.h.  */
| 
| #define PACKAGE_NAME ""
| #define PACKAGE_TARNAME ""
| #define PACKAGE_VERSION ""
| #define PACKAGE_STRING ""
| #define PACKAGE_BUGREPORT ""
| /* end confdefs.h.  */
| #include <ac_nonexistent.h>
configure:2497: result: gcc -E
configure:2521: gcc -E  conftest.c
configure:2527: $? = 0
configure:2559: gcc -E  conftest.c
conftest.c:9:28: error: ac_nonexistent.h: No such file or directory
configure:2565: $? = 1
configure: failed program was:
| /* confdefs.h.  */
| 
| #define PACKAGE_NAME ""
| #define PACKAGE_TARNAME ""
| #define PACKAGE_VERSION ""
| #define PACKAGE_STRING ""
| #define PACKAGE_BUGREPORT ""
| /* end confdefs.h.  */
| #include <ac_nonexistent.h>
configure:2649: checking for ranlib
configure:2665: found /usr/bin/ranlib
configure:2676: result: ranlib
configure:2730: checking for ld
configure:2746: found /usr/bin/ld
configure:2757: result: ld
configure:2774: checking for egrep
configure:2784: result: grep -E
configure:2789: checking for ANSI C header files
configure:2814: gcc -c -g -O2  conftest.c >&5
configure:2820: $? = 0
configure:2824: test -z 
			 || test ! -s conftest.err
configure:2827: $? = 0
configure:2830: test -s conftest.o
configure:2833: $? = 0
configure:2922: gcc -o conftest -g -O2   conftest.c  >&5
conftest.c: In function 'main':
conftest.c:26: warning: incompatible implicit declaration of built-in function 'exit'
configure:2925: $? = 0
configure:2927: ./conftest
configure:2930: $? = 0
configure:2945: result: yes
configure:2969: checking for sys/types.h
configure:2985: gcc -c -g -O2  conftest.c >&5
configure:2991: $? = 0
configure:2995: test -z 
			 || test ! -s conftest.err
configure:2998: $? = 0
configure:3001: test -s conftest.o
configure:3004: $? = 0
configure:3015: result: yes
configure:2969: checking for sys/stat.h
configure:2985: gcc -c -g -O2  conftest.c >&5
configure:2991: $? = 0
configure:2995: test -z 
			 || test ! -s conftest.err
configure:2998: $? = 0
configure:3001: test -s conftest.o
configure:3004: $? = 0
configure:3015: result: yes
configure:2969: checking for stdlib.h
configure:2985: gcc -c -g -O2  conftest.c >&5
configure:2991: $? = 0
configure:2995: test -z 
			 || test ! -s conftest.err
configure:2998: $? = 0
configure:3001: test -s conftest.o
configure:3004: $? = 0
configure:3015: result: yes
configure:2969: checking for string.h
configure:2985: gcc -c -g -O2  conftest.c >&5
configure:2991: $? = 0
configure:2995: test -z 
			 || test ! -s conftest.err
configure:2998: $? = 0
configure:3001: test -s conftest.o
configure:3004: $? = 0
configure:3015: result: yes
configure:2969: checking for memory.h
configure:2985: gcc -c -g -O2  conftest.c >&5
configure:2991: $? = 0
configure:2995: test -z 
			 || test ! -s conftest.err
configure:2998: $? = 0
configure:3001: test -s conftest.o
configure:3004: $? = 0
configure:3015: result: yes
configure:2969: checking for strings.h
configure:2985: gcc -c -g -O2  conftest.c >&5
configure:2991: $? = 0
configure:2995: test -z 
			 || test ! -s conftest.err
configure:2998: $? = 0
configure:3001: test -s conftest.o
configure:3004: $? = 0
configure:3015: result: yes
configure:2969: checking for inttypes.h
configure:2985: gcc -c -g -O2  conftest.c >&5
configure:2991: $? = 0
configure:2995: test -z 
			 || test ! -s conftest.err
configure:2998: $? = 0
configure:3001: test -s conftest.o
configure:3004: $? = 0
configure:3015: result: yes
configure:2969: checking for stdint.h
configure:2985: gcc -c -g -O2  conftest.c >&5
configure:2991: $? = 0
configure:2995: test -z 
			 || test ! -s conftest.err
configure:2998: $? = 0
configure:3001: test -s conftest.o
configure:3004: $? = 0
configure:3015: result: yes
configure:2969: checking for unistd.h
configure:2985: gcc -c -g -O2  conftest.c >&5
configure:2991: $? = 0
configure:2995: test -z 
			 || test ! -s conftest.err
configure:2998: $? = 0
configure:3001: test -s conftest.o
configure:3004: $? = 0
configure:3015: result: yes
configure:3027: checking for short
configure:3051: gcc -c -g -O2  conftest.c >&5
configure:3057: $? = 0
configure:3061: test -z 
			 || test ! -s conftest.err
configure:3064: $? = 0
configure:3067: test -s conftest.o
configure:3070: $? = 0
configure:3081: result: yes
configure:3084: checking size of short
configure:3403: gcc -o conftest -g -O2   conftest.c  >&5
configure:3406: $? = 0
configure:3408: ./conftest
configure:3411: $? = 0
configure:3434: result: 2
configure:3441: checking for int
configure:3465: gcc -c -g -O2  conftest.c >&5
configure:3471: $? = 0
configure:3475: test -z 
			 || test ! -s conftest.err
configure:3478: $? = 0
configure:3481: test -s conftest.o
configure:3484: $? = 0
configure:3495: result: yes
configure:3498: checking size of int
configure:3817: gcc -o conftest -g -O2   conftest.c  >&5
configure:3820: $? = 0
configure:3822: ./conftest
configure:3825: $? = 0
configure:3848: result: 4
configure:3855: checking for long
configure:3879: gcc -c -g -O2  conftest.c >&5
configure:3885: $? = 0
configure:3889: test -z 
			 || test ! -s conftest.err
configure:3892: $? = 0
configure:3895: test -s conftest.o
configure:3898: $? = 0
configure:3909: result: yes
configure:3912: checking size of long
configure:4231: gcc -o conftest -g -O2   conftest.c  >&5
configure:4234: $? = 0
configure:4236: ./conftest
configure:4239: $? = 0
configure:4262: result: 4
configure:4269: checking for void *
configure:4293: gcc -c -g -O2  conftest.c >&5
configure:4299: $? = 0
configure:4303: test -z 
			 || test ! -s conftest.err
configure:4306: $? = 0
configure:4309: test -s conftest.o
configure:4312: $? = 0
configure:4323: result: yes
configure:4326: checking size of void *
configure:4645: gcc -o conftest -g -O2   conftest.c  >&5
configure:4648: $? = 0
configure:4650: ./conftest
configure:4653: $? = 0
configure:4676: result: 4
configure:4683: checking for long long
configure:4707: gcc -c -g -O2  conftest.c >&5
configure:4713: $? = 0
configure:4717: test -z 
			 || test ! -s conftest.err
configure:4720: $? = 0
configure:4723: test -s conftest.o
configure:4726: $? = 0
configure:4737: result: yes
configure:4740: checking size of long long
configure:5059: gcc -o conftest -g -O2   conftest.c  >&5
configure:5062: $? = 0
configure:5064: ./conftest
configure:5067: $? = 0
configure:5090: result: 8
configure:5104: checking for ar
configure:5120: found /usr/bin/ar
configure:5131: result: ar
configure:5167: checking for a BSD-compatible install
configure:5222: result: /usr/bin/install -c
configure:5233: checking how to create a directory including parents
configure:5254: result: /usr/bin/install -c -d
configure:5275: checking for gethostbyname in -lnsl
configure:5305: gcc -o conftest -g -O2   conftest.c -lnsl   >&5
configure:5311: $? = 0
configure:5315: test -z 
			 || test ! -s conftest.err
configure:5318: $? = 0
configure:5321: test -s conftest
configure:5324: $? = 0
configure:5337: result: yes
configure:5349: checking for getpeername in -lsocket
configure:5379: gcc -o conftest -g -O2   conftest.c -lsocket  -lnsl  >&5
/usr/bin/ld: cannot find -lsocket
collect2: ld returned 1 exit status
configure:5385: $? = 1
configure: failed program was:
| /* confdefs.h.  */
| 
| #define PACKAGE_NAME ""
| #define PACKAGE_TARNAME ""
| #define PACKAGE_VERSION ""
| #define PACKAGE_STRING ""
| #define PACKAGE_BUGREPORT ""
| #define STDC_HEADERS 1
| #define HAVE_SYS_TYPES_H 1
| #define HAVE_SYS_STAT_H 1
| #define HAVE_STDLIB_H 1
| #define HAVE_STRING_H 1
| #define HAVE_MEMORY_H 1
| #define HAVE_STRINGS_H 1
| #define HAVE_INTTYPES_H 1
| #define HAVE_STDINT_H 1
| #define HAVE_UNISTD_H 1
| #define SIZEOF_SHORT 2
| #define SIZEOF_INT 4
| #define SIZEOF_LONG 4
| #define SIZEOF_VOID_P 4
| #define SIZEOF_LONG_LONG 8
| #define HAVE_LIBNSL 1
| /* end confdefs.h.  */
| 
| /* Override any gcc2 internal prototype to avoid an error.  */
| #ifdef __cplusplus
| extern "C"
| #endif
| /* We use char because int might match the return type of a gcc2
|    builtin and then its argument prototype would still apply.  */
| char getpeername ();
| int
| main ()
| {
| getpeername ();
|   ;
|   return 0;
| }
configure:5411: result: no
configure:5424: checking for ANSI C header files
configure:5580: result: yes
configure:5590: checking for sys/wait.h that is POSIX.1 compatible
configure:5621: gcc -c -g -O2  conftest.c >&5
configure:5627: $? = 0
configure:5631: test -z 
			 || test ! -s conftest.err
configure:5634: $? = 0
configure:5637: test -s conftest.o
configure:5640: $? = 0
configure:5651: result: yes
configure:5689: checking arpa/inet.h usability
configure:5701: gcc -c -g -O2  conftest.c >&5
configure:5707: $? = 0
configure:5711: test -z 
			 || test ! -s conftest.err
configure:5714: $? = 0
configure:5717: test -s conftest.o
configure:5720: $? = 0
configure:5730: result: yes
configure:5734: checking arpa/inet.h presence
configure:5744: gcc -E  conftest.c
configure:5750: $? = 0
configure:5770: result: yes
configure:5805: checking for arpa/inet.h
configure:5812: result: yes
configure:5689: checking fcntl.h usability
configure:5701: gcc -c -g -O2  conftest.c >&5
configure:5707: $? = 0
configure:5711: test -z 
			 || test ! -s conftest.err
configure:5714: $? = 0
configure:5717: test -s conftest.o
configure:5720: $? = 0
configure:5730: result: yes
configure:5734: checking fcntl.h presence
configure:5744: gcc -E  conftest.c
configure:5750: $? = 0
configure:5770: result: yes
configure:5805: checking for fcntl.h
configure:5812: result: yes
configure:5689: checking limits.h usability
configure:5701: gcc -c -g -O2  conftest.c >&5
configure:5707: $? = 0
configure:5711: test -z 
			 || test ! -s conftest.err
configure:5714: $? = 0
configure:5717: test -s conftest.o
configure:5720: $? = 0
configure:5730: result: yes
configure:5734: checking limits.h presence
configure:5744: gcc -E  conftest.c
configure:5750: $? = 0
configure:5770: result: yes
configure:5805: checking for limits.h
configure:5812: result: yes
configure:5689: checking malloc.h usability
configure:5701: gcc -c -g -O2  conftest.c >&5
configure:5707: $? = 0
configure:5711: test -z 
			 || test ! -s conftest.err
configure:5714: $? = 0
configure:5717: test -s conftest.o
configure:5720: $? = 0
configure:5730: result: yes
configure:5734: checking malloc.h presence
configure:5744: gcc -E  conftest.c
configure:5750: $? = 0
configure:5770: result: yes
configure:5805: checking for malloc.h
configure:5812: result: yes
configure:5689: checking netdb.h usability
configure:5701: gcc -c -g -O2  conftest.c >&5
configure:5707: $? = 0
configure:5711: test -z 
			 || test ! -s conftest.err
configure:5714: $? = 0
configure:5717: test -s conftest.o
configure:5720: $? = 0
configure:5730: result: yes
configure:5734: checking netdb.h presence
configure:5744: gcc -E  conftest.c
configure:5750: $? = 0
configure:5770: result: yes
configure:5805: checking for netdb.h
configure:5812: result: yes
configure:5689: checking netinet/in.h usability
configure:5701: gcc -c -g -O2  conftest.c >&5
configure:5707: $? = 0
configure:5711: test -z 
			 || test ! -s conftest.err
configure:5714: $? = 0
configure:5717: test -s conftest.o
configure:5720: $? = 0
configure:5730: result: yes
configure:5734: checking netinet/in.h presence
configure:5744: gcc -E  conftest.c
configure:5750: $? = 0
configure:5770: result: yes
configure:5805: checking for netinet/in.h
configure:5812: result: yes
configure:5689: checking stddef.h usability
configure:5701: gcc -c -g -O2  conftest.c >&5
configure:5707: $? = 0
configure:5711: test -z 
			 || test ! -s conftest.err
configure:5714: $? = 0
configure:5717: test -s conftest.o
configure:5720: $? = 0
configure:5730: result: yes
configure:5734: checking stddef.h presence
configure:5744: gcc -E  conftest.c
configure:5750: $? = 0
configure:5770: result: yes
configure:5805: checking for stddef.h
configure:5812: result: yes
configure:5680: checking for stdlib.h
configure:5685: result: yes
configure:5680: checking for string.h
configure:5685: result: yes
configure:5689: checking sys/param.h usability
configure:5701: gcc -c -g -O2  conftest.c >&5
configure:5707: $? = 0
configure:5711: test -z 
			 || test ! -s conftest.err
configure:5714: $? = 0
configure:5717: test -s conftest.o
configure:5720: $? = 0
configure:5730: result: yes
configure:5734: checking sys/param.h presence
configure:5744: gcc -E  conftest.c
configure:5750: $? = 0
configure:5770: result: yes
configure:5805: checking for sys/param.h
configure:5812: result: yes
configure:5689: checking sys/socket.h usability
configure:5701: gcc -c -g -O2  conftest.c >&5
configure:5707: $? = 0
configure:5711: test -z 
			 || test ! -s conftest.err
configure:5714: $? = 0
configure:5717: test -s conftest.o
configure:5720: $? = 0
configure:5730: result: yes
configure:5734: checking sys/socket.h presence
configure:5744: gcc -E  conftest.c
configure:5750: $? = 0
configure:5770: result: yes
configure:5805: checking for sys/socket.h
configure:5812: result: yes
configure:5689: checking sys/select.h usability
configure:5701: gcc -c -g -O2  conftest.c >&5
configure:5707: $? = 0
configure:5711: test -z 
			 || test ! -s conftest.err
configure:5714: $? = 0
configure:5717: test -s conftest.o
configure:5720: $? = 0
configure:5730: result: yes
configure:5734: checking sys/select.h presence
configure:5744: gcc -E  conftest.c
configure:5750: $? = 0
configure:5770: result: yes
configure:5805: checking for sys/select.h
configure:5812: result: yes
configure:5689: checking sys/time.h usability
configure:5701: gcc -c -g -O2  conftest.c >&5
configure:5707: $? = 0
configure:5711: test -z 
			 || test ! -s conftest.err
configure:5714: $? = 0
configure:5717: test -s conftest.o
configure:5720: $? = 0
configure:5730: result: yes
configure:5734: checking sys/time.h presence
configure:5744: gcc -E  conftest.c
configure:5750: $? = 0
configure:5770: result: yes
configure:5805: checking for sys/time.h
configure:5812: result: yes
configure:5680: checking for unistd.h
configure:5685: result: yes
configure:5680: checking for sys/types.h
configure:5685: result: yes
configure:5828: checking for uid_t in sys/types.h
configure:5851: result: yes
configure:5866: checking for pid_t
configure:5890: gcc -c -g -O2  conftest.c >&5
configure:5896: $? = 0
configure:5900: test -z 
			 || test ! -s conftest.err
configure:5903: $? = 0
configure:5906: test -s conftest.o
configure:5909: $? = 0
configure:5920: result: yes
configure:5932: checking for size_t
configure:5956: gcc -c -g -O2  conftest.c >&5
configure:5962: $? = 0
configure:5966: test -z 
			 || test ! -s conftest.err
configure:5969: $? = 0
configure:5972: test -s conftest.o
configure:5975: $? = 0
configure:5986: result: yes
configure:5998: checking whether time.h and sys/time.h may both be included
configure:6023: gcc -c -g -O2  conftest.c >&5
configure:6029: $? = 0
configure:6033: test -z 
			 || test ! -s conftest.err
configure:6036: $? = 0
configure:6039: test -s conftest.o
configure:6042: $? = 0
configure:6053: result: yes
configure:6063: checking for socklen_t usability
configure:6082: gcc -c -g -O2  conftest.c >&5
configure:6088: $? = 0
configure:6092: test -z 
			 || test ! -s conftest.err
configure:6095: $? = 0
configure:6098: test -s conftest.o
configure:6101: $? = 0
configure:6103: result: yes
configure:6121: checking for working alloca.h
configure:6142: gcc -o conftest -g -O2   conftest.c -lnsl  >&5
configure:6148: $? = 0
configure:6152: test -z 
			 || test ! -s conftest.err
configure:6155: $? = 0
configure:6158: test -s conftest
configure:6161: $? = 0
configure:6173: result: yes
configure:6183: checking for alloca
configure:6224: gcc -o conftest -g -O2   conftest.c -lnsl  >&5
configure:6230: $? = 0
configure:6234: test -z 
			 || test ! -s conftest.err
configure:6237: $? = 0
configure:6240: test -s conftest
configure:6243: $? = 0
configure:6255: result: yes
configure:6480: checking whether gcc needs -traditional
configure:6522: result: no
configure:6530: checking for working memcmp
configure:6578: gcc -o conftest -g -O2   conftest.c -lnsl  >&5
configure:6581: $? = 0
configure:6583: ./conftest
configure:6586: $? = 0
configure:6600: result: yes
configure:6638: checking for dup2
configure:6695: gcc -o conftest -g -O2   conftest.c -lnsl  >&5
configure:6701: $? = 0
configure:6705: test -z 
			 || test ! -s conftest.err
configure:6708: $? = 0
configure:6711: test -s conftest
configure:6714: $? = 0
configure:6726: result: yes
configure:6638: checking for gethostbyaddr
configure:6695: gcc -o conftest -g -O2   conftest.c -lnsl  >&5
configure:6701: $? = 0
configure:6705: test -z 
			 || test ! -s conftest.err
configure:6708: $? = 0
configure:6711: test -s conftest
configure:6714: $? = 0
configure:6726: result: yes
configure:6638: checking for gethostbyname
configure:6695: gcc -o conftest -g -O2   conftest.c -lnsl  >&5
configure:6701: $? = 0
configure:6705: test -z 
			 || test ! -s conftest.err
configure:6708: $? = 0
configure:6711: test -s conftest
configure:6714: $? = 0
configure:6726: result: yes
configure:6638: checking for gethostbyaddr_r
configure:6695: gcc -o conftest -g -O2   conftest.c -lnsl  >&5
configure:6701: $? = 0
configure:6705: test -z 
			 || test ! -s conftest.err
configure:6708: $? = 0
configure:6711: test -s conftest
configure:6714: $? = 0
configure:6726: result: yes
configure:6638: checking for gethostbyname_r
configure:6695: gcc -o conftest -g -O2   conftest.c -lnsl  >&5
configure:6701: $? = 0
configure:6705: test -z 
			 || test ! -s conftest.err
configure:6708: $? = 0
configure:6711: test -s conftest
configure:6714: $? = 0
configure:6726: result: yes
configure:6638: checking for gethostname
configure:6695: gcc -o conftest -g -O2   conftest.c -lnsl  >&5
configure:6701: $? = 0
configure:6705: test -z 
			 || test ! -s conftest.err
configure:6708: $? = 0
configure:6711: test -s conftest
configure:6714: $? = 0
configure:6726: result: yes
configure:6638: checking for writev
configure:6695: gcc -o conftest -g -O2   conftest.c -lnsl  >&5
configure:6701: $? = 0
configure:6705: test -z 
			 || test ! -s conftest.err
configure:6708: $? = 0
configure:6711: test -s conftest
configure:6714: $? = 0
configure:6726: result: yes
configure:6638: checking for gethrtime
configure:6695: gcc -o conftest -g -O2   conftest.c -lnsl  >&5
/tmp/cc4WSiUm.o: In function `main':
/home/dale/apps/otp_src_R13B/lib/erl_interface/conftest.c:92: undefined reference to `gethrtime'
/tmp/cc4WSiUm.o:(.data+0x0): undefined reference to `gethrtime'
collect2: ld returned 1 exit status
configure:6701: $? = 1
configure: failed program was:
| /* confdefs.h.  */
| 
| #define PACKAGE_NAME ""
| #define PACKAGE_TARNAME ""
| #define PACKAGE_VERSION ""
| #define PACKAGE_STRING ""
| #define PACKAGE_BUGREPORT ""
| #define STDC_HEADERS 1
| #define HAVE_SYS_TYPES_H 1
| #define HAVE_SYS_STAT_H 1
| #define HAVE_STDLIB_H 1
| #define HAVE_STRING_H 1
| #define HAVE_MEMORY_H 1
| #define HAVE_STRINGS_H 1
| #define HAVE_INTTYPES_H 1
| #define HAVE_STDINT_H 1
| #define HAVE_UNISTD_H 1
| #define SIZEOF_SHORT 2
| #define SIZEOF_INT 4
| #define SIZEOF_LONG 4
| #define SIZEOF_VOID_P 4
| #define SIZEOF_LONG_LONG 8
| #define HAVE_LIBNSL 1
| #define STDC_HEADERS 1
| #define HAVE_SYS_WAIT_H 1
| #define HAVE_ARPA_INET_H 1
| #define HAVE_FCNTL_H 1
| #define HAVE_LIMITS_H 1
| #define HAVE_MALLOC_H 1
| #define HAVE_NETDB_H 1
| #define HAVE_NETINET_IN_H 1
| #define HAVE_STDDEF_H 1
| #define HAVE_STDLIB_H 1
| #define HAVE_STRING_H 1
| #define HAVE_SYS_PARAM_H 1
| #define HAVE_SYS_SOCKET_H 1
| #define HAVE_SYS_SELECT_H 1
| #define HAVE_SYS_TIME_H 1
| #define HAVE_UNISTD_H 1
| #define HAVE_SYS_TYPES_H 1
| #define TIME_WITH_SYS_TIME 1
| #define HAVE_SOCKLEN_T 1
| #define HAVE_ALLOCA_H 1
| #define HAVE_ALLOCA 1
| #define HAVE_DUP2 1
| #define HAVE_GETHOSTBYADDR 1
| #define HAVE_GETHOSTBYNAME 1
| #define HAVE_GETHOSTBYADDR_R 1
| #define HAVE_GETHOSTBYNAME_R 1
| #define HAVE_GETHOSTNAME 1
| #define HAVE_WRITEV 1
| /* end confdefs.h.  */
| /* Define gethrtime to an innocuous variant, in case <limits.h> declares gethrtime.
|    For example, HP-UX 11i <limits.h> declares gettimeofday.  */
| #define gethrtime innocuous_gethrtime
| 
| /* System header to define __stub macros and hopefully few prototypes,
|     which can conflict with char gethrtime (); below.
|     Prefer <limits.h> to <assert.h> if __STDC__ is defined, since
|     <limits.h> exists even on freestanding compilers.  */
| 
| #ifdef __STDC__
| # include <limits.h>
| #else
| # include <assert.h>
| #endif
| 
| #undef gethrtime
| 
| /* Override any gcc2 internal prototype to avoid an error.  */
| #ifdef __cplusplus
| extern "C"
| {
| #endif
| /* We use char because int might match the return type of a gcc2
|    builtin and then its argument prototype would still apply.  */
| char gethrtime ();
| /* The GNU C library defines this for functions which it implements
|     to always fail with ENOSYS.  Some functions are actually named
|     something starting with __ and the normal name is an alias.  */
| #if defined (__stub_gethrtime) || defined (__stub___gethrtime)
| choke me
| #else
| char (*f) () = gethrtime;
| #endif
| #ifdef __cplusplus
| }
| #endif
| 
| int
| main ()
| {
| return f != gethrtime;
|   ;
|   return 0;
| }
configure:6726: result: no
configure:6638: checking for gettimeofday
configure:6695: gcc -o conftest -g -O2   conftest.c -lnsl  >&5
configure:6701: $? = 0
configure:6705: test -z 
			 || test ! -s conftest.err
configure:6708: $? = 0
configure:6711: test -s conftest
configure:6714: $? = 0
configure:6726: result: yes
configure:6638: checking for inet_ntoa
configure:6695: gcc -o conftest -g -O2   conftest.c -lnsl  >&5
configure:6701: $? = 0
configure:6705: test -z 
			 || test ! -s conftest.err
configure:6708: $? = 0
configure:6711: test -s conftest
configure:6714: $? = 0
configure:6726: result: yes
configure:6638: checking for memchr
configure:6695: gcc -o conftest -g -O2   conftest.c -lnsl  >&5
conftest.c:79: warning: conflicting types for built-in function 'memchr'
configure:6701: $? = 0
configure:6705: test -z 
			 || test ! -s conftest.err
configure:6708: $? = 0
configure:6711: test -s conftest
configure:6714: $? = 0
configure:6726: result: yes
configure:6638: checking for memmove
configure:6695: gcc -o conftest -g -O2   conftest.c -lnsl  >&5
conftest.c:80: warning: conflicting types for built-in function 'memmove'
configure:6701: $? = 0
configure:6705: test -z 
			 || test ! -s conftest.err
configure:6708: $? = 0
configure:6711: test -s conftest
configure:6714: $? = 0
configure:6726: result: yes
configure:6638: checking for memset
configure:6695: gcc -o conftest -g -O2   conftest.c -lnsl  >&5
conftest.c:81: warning: conflicting types for built-in function 'memset'
configure:6701: $? = 0
configure:6705: test -z 
			 || test ! -s conftest.err
configure:6708: $? = 0
configure:6711: test -s conftest
configure:6714: $? = 0
configure:6726: result: yes
configure:6638: checking for select
configure:6695: gcc -o conftest -g -O2   conftest.c -lnsl  >&5
configure:6701: $? = 0
configure:6705: test -z 
			 || test ! -s conftest.err
configure:6708: $? = 0
configure:6711: test -s conftest
configure:6714: $? = 0
configure:6726: result: yes
configure:6638: checking for socket
configure:6695: gcc -o conftest -g -O2   conftest.c -lnsl  >&5
configure:6701: $? = 0
configure:6705: test -z 
			 || test ! -s conftest.err
configure:6708: $? = 0
configure:6711: test -s conftest
configure:6714: $? = 0
configure:6726: result: yes
configure:6638: checking for strchr
configure:6695: gcc -o conftest -g -O2   conftest.c -lnsl  >&5
conftest.c:84: warning: conflicting types for built-in function 'strchr'
configure:6701: $? = 0
configure:6705: test -z 
			 || test ! -s conftest.err
configure:6708: $? = 0
configure:6711: test -s conftest
configure:6714: $? = 0
configure:6726: result: yes
configure:6638: checking for strerror
configure:6695: gcc -o conftest -g -O2   conftest.c -lnsl  >&5
configure:6701: $? = 0
configure:6705: test -z 
			 || test ! -s conftest.err
configure:6708: $? = 0
configure:6711: test -s conftest
configure:6714: $? = 0
configure:6726: result: yes
configure:6638: checking for strrchr
configure:6695: gcc -o conftest -g -O2   conftest.c -lnsl  >&5
conftest.c:86: warning: conflicting types for built-in function 'strrchr'
configure:6701: $? = 0
configure:6705: test -z 
			 || test ! -s conftest.err
configure:6708: $? = 0
configure:6711: test -s conftest
configure:6714: $? = 0
configure:6726: result: yes
configure:6638: checking for strstr
configure:6695: gcc -o conftest -g -O2   conftest.c -lnsl  >&5
conftest.c:87: warning: conflicting types for built-in function 'strstr'
configure:6701: $? = 0
configure:6705: test -z 
			 || test ! -s conftest.err
configure:6708: $? = 0
configure:6711: test -s conftest
configure:6714: $? = 0
configure:6726: result: yes
configure:6638: checking for uname
configure:6695: gcc -o conftest -g -O2   conftest.c -lnsl  >&5
configure:6701: $? = 0
configure:6705: test -z 
			 || test ! -s conftest.err
configure:6708: $? = 0
configure:6711: test -s conftest
configure:6714: $? = 0
configure:6726: result: yes
configure:6736: checking for res_gethostbyname
configure:6793: gcc -o conftest -g -O2   conftest.c -lnsl  >&5
/tmp/ccoYT23p.o: In function `main':
/home/dale/apps/otp_src_R13B/lib/erl_interface/conftest.c:104: undefined reference to `res_gethostbyname'
/tmp/ccoYT23p.o:(.data+0x0): undefined reference to `res_gethostbyname'
collect2: ld returned 1 exit status
configure:6799: $? = 1
configure: failed program was:
| /* confdefs.h.  */
| 
| #define PACKAGE_NAME ""
| #define PACKAGE_TARNAME ""
| #define PACKAGE_VERSION ""
| #define PACKAGE_STRING ""
| #define PACKAGE_BUGREPORT ""
| #define STDC_HEADERS 1
| #define HAVE_SYS_TYPES_H 1
| #define HAVE_SYS_STAT_H 1
| #define HAVE_STDLIB_H 1
| #define HAVE_STRING_H 1
| #define HAVE_MEMORY_H 1
| #define HAVE_STRINGS_H 1
| #define HAVE_INTTYPES_H 1
| #define HAVE_STDINT_H 1
| #define HAVE_UNISTD_H 1
| #define SIZEOF_SHORT 2
| #define SIZEOF_INT 4
| #define SIZEOF_LONG 4
| #define SIZEOF_VOID_P 4
| #define SIZEOF_LONG_LONG 8
| #define HAVE_LIBNSL 1
| #define STDC_HEADERS 1
| #define HAVE_SYS_WAIT_H 1
| #define HAVE_ARPA_INET_H 1
| #define HAVE_FCNTL_H 1
| #define HAVE_LIMITS_H 1
| #define HAVE_MALLOC_H 1
| #define HAVE_NETDB_H 1
| #define HAVE_NETINET_IN_H 1
| #define HAVE_STDDEF_H 1
| #define HAVE_STDLIB_H 1
| #define HAVE_STRING_H 1
| #define HAVE_SYS_PARAM_H 1
| #define HAVE_SYS_SOCKET_H 1
| #define HAVE_SYS_SELECT_H 1
| #define HAVE_SYS_TIME_H 1
| #define HAVE_UNISTD_H 1
| #define HAVE_SYS_TYPES_H 1
| #define TIME_WITH_SYS_TIME 1
| #define HAVE_SOCKLEN_T 1
| #define HAVE_ALLOCA_H 1
| #define HAVE_ALLOCA 1
| #define HAVE_DUP2 1
| #define HAVE_GETHOSTBYADDR 1
| #define HAVE_GETHOSTBYNAME 1
| #define HAVE_GETHOSTBYADDR_R 1
| #define HAVE_GETHOSTBYNAME_R 1
| #define HAVE_GETHOSTNAME 1
| #define HAVE_WRITEV 1
| #define HAVE_GETTIMEOFDAY 1
| #define HAVE_INET_NTOA 1
| #define HAVE_MEMCHR 1
| #define HAVE_MEMMOVE 1
| #define HAVE_MEMSET 1
| #define HAVE_SELECT 1
| #define HAVE_SOCKET 1
| #define HAVE_STRCHR 1
| #define HAVE_STRERROR 1
| #define HAVE_STRRCHR 1
| #define HAVE_STRSTR 1
| #define HAVE_UNAME 1
| /* end confdefs.h.  */
| /* Define res_gethostbyname to an innocuous variant, in case <limits.h> declares res_gethostbyname.
|    For example, HP-UX 11i <limits.h> declares gettimeofday.  */
| #define res_gethostbyname innocuous_res_gethostbyname
| 
| /* System header to define __stub macros and hopefully few prototypes,
|     which can conflict with char res_gethostbyname (); below.
|     Prefer <limits.h> to <assert.h> if __STDC__ is defined, since
|     <limits.h> exists even on freestanding compilers.  */
| 
| #ifdef __STDC__
| # include <limits.h>
| #else
| # include <assert.h>
| #endif
| 
| #undef res_gethostbyname
| 
| /* Override any gcc2 internal prototype to avoid an error.  */
| #ifdef __cplusplus
| extern "C"
| {
| #endif
| /* We use char because int might match the return type of a gcc2
|    builtin and then its argument prototype would still apply.  */
| char res_gethostbyname ();
| /* The GNU C library defines this for functions which it implements
|     to always fail with ENOSYS.  Some functions are actually named
|     something starting with __ and the normal name is an alias.  */
| #if defined (__stub_res_gethostbyname) || defined (__stub___res_gethostbyname)
| choke me
| #else
| char (*f) () = res_gethostbyname;
| #endif
| #ifdef __cplusplus
| }
| #endif
| 
| int
| main ()
| {
| return f != res_gethostbyname;
|   ;
|   return 0;
| }
configure:6824: result: no
configure:6830: checking for res_gethostbyname in -lresolv
configure:6860: gcc -o conftest -g -O2   conftest.c -lresolv  -lnsl  >&5
configure:6866: $? = 0
configure:6870: test -z 
			 || test ! -s conftest.err
configure:6873: $? = 0
configure:6876: test -s conftest
configure:6879: $? = 0
configure:6892: result: yes
configure:6906: checking for clock_gettime
configure:6963: gcc -o conftest -g -O2   conftest.c -lresolv -lnsl  >&5
/tmp/ccWXiYd3.o: In function `main':
/home/dale/apps/otp_src_R13B/lib/erl_interface/conftest.c:105: undefined reference to `clock_gettime'
/tmp/ccWXiYd3.o:(.data+0x0): undefined reference to `clock_gettime'
collect2: ld returned 1 exit status
configure:6969: $? = 1
configure: failed program was:
| /* confdefs.h.  */
| 
| #define PACKAGE_NAME ""
| #define PACKAGE_TARNAME ""
| #define PACKAGE_VERSION ""
| #define PACKAGE_STRING ""
| #define PACKAGE_BUGREPORT ""
| #define STDC_HEADERS 1
| #define HAVE_SYS_TYPES_H 1
| #define HAVE_SYS_STAT_H 1
| #define HAVE_STDLIB_H 1
| #define HAVE_STRING_H 1
| #define HAVE_MEMORY_H 1
| #define HAVE_STRINGS_H 1
| #define HAVE_INTTYPES_H 1
| #define HAVE_STDINT_H 1
| #define HAVE_UNISTD_H 1
| #define SIZEOF_SHORT 2
| #define SIZEOF_INT 4
| #define SIZEOF_LONG 4
| #define SIZEOF_VOID_P 4
| #define SIZEOF_LONG_LONG 8
| #define HAVE_LIBNSL 1
| #define STDC_HEADERS 1
| #define HAVE_SYS_WAIT_H 1
| #define HAVE_ARPA_INET_H 1
| #define HAVE_FCNTL_H 1
| #define HAVE_LIMITS_H 1
| #define HAVE_MALLOC_H 1
| #define HAVE_NETDB_H 1
| #define HAVE_NETINET_IN_H 1
| #define HAVE_STDDEF_H 1
| #define HAVE_STDLIB_H 1
| #define HAVE_STRING_H 1
| #define HAVE_SYS_PARAM_H 1
| #define HAVE_SYS_SOCKET_H 1
| #define HAVE_SYS_SELECT_H 1
| #define HAVE_SYS_TIME_H 1
| #define HAVE_UNISTD_H 1
| #define HAVE_SYS_TYPES_H 1
| #define TIME_WITH_SYS_TIME 1
| #define HAVE_SOCKLEN_T 1
| #define HAVE_ALLOCA_H 1
| #define HAVE_ALLOCA 1
| #define HAVE_DUP2 1
| #define HAVE_GETHOSTBYADDR 1
| #define HAVE_GETHOSTBYNAME 1
| #define HAVE_GETHOSTBYADDR_R 1
| #define HAVE_GETHOSTBYNAME_R 1
| #define HAVE_GETHOSTNAME 1
| #define HAVE_WRITEV 1
| #define HAVE_GETTIMEOFDAY 1
| #define HAVE_INET_NTOA 1
| #define HAVE_MEMCHR 1
| #define HAVE_MEMMOVE 1
| #define HAVE_MEMSET 1
| #define HAVE_SELECT 1
| #define HAVE_SOCKET 1
| #define HAVE_STRCHR 1
| #define HAVE_STRERROR 1
| #define HAVE_STRRCHR 1
| #define HAVE_STRSTR 1
| #define HAVE_UNAME 1
| #define HAVE_LIBRESOLV 1
| /* end confdefs.h.  */
| /* Define clock_gettime to an innocuous variant, in case <limits.h> declares clock_gettime.
|    For example, HP-UX 11i <limits.h> declares gettimeofday.  */
| #define clock_gettime innocuous_clock_gettime
| 
| /* System header to define __stub macros and hopefully few prototypes,
|     which can conflict with char clock_gettime (); below.
|     Prefer <limits.h> to <assert.h> if __STDC__ is defined, since
|     <limits.h> exists even on freestanding compilers.  */
| 
| #ifdef __STDC__
| # include <limits.h>
| #else
| # include <assert.h>
| #endif
| 
| #undef clock_gettime
| 
| /* Override any gcc2 internal prototype to avoid an error.  */
| #ifdef __cplusplus
| extern "C"
| {
| #endif
| /* We use char because int might match the return type of a gcc2
|    builtin and then its argument prototype would still apply.  */
| char clock_gettime ();
| /* The GNU C library defines this for functions which it implements
|     to always fail with ENOSYS.  Some functions are actually named
|     something starting with __ and the normal name is an alias.  */
| #if defined (__stub_clock_gettime) || defined (__stub___clock_gettime)
| choke me
| #else
| char (*f) () = clock_gettime;
| #endif
| #ifdef __cplusplus
| }
| #endif
| 
| int
| main ()
| {
| return f != clock_gettime;
|   ;
|   return 0;
| }
configure:6994: result: no
configure:7000: checking for clock_gettime in -lrt
configure:7030: gcc -o conftest -g -O2   conftest.c -lrt  -lresolv -lnsl  >&5
configure:7036: $? = 0
configure:7040: test -z 
			 || test ! -s conftest.err
configure:7043: $? = 0
configure:7046: test -s conftest
configure:7049: $? = 0
configure:7062: result: yes
configure:7423: checking for mixed cygwin and native VC++ environment
configure:7440: result: no
configure:7446: checking for mixed cygwin and native MinGW environment
configure:7463: result: no
configure:7469: checking if we mix cygwin with any native compiler
configure:7475: result: no
configure:7491: checking for native win32 threads
configure:7510: result: no
configure:7515: checking for pthread_create in -lpthread
configure:7545: gcc -o conftest -g -O2   conftest.c -lpthread  -lrt -lresolv -lnsl  >&5
configure:7551: $? = 0
configure:7555: test -z 
			 || test ! -s conftest.err
configure:7558: $? = 0
configure:7561: test -s conftest
configure:7564: $? = 0
configure:7577: result: yes
configure:7666: checking for pthread_atfork in -lpthread
configure:7696: gcc -o conftest -g -O2   conftest.c -lpthread  -lrt -lresolv -lnsl  >&5
configure:7702: $? = 0
configure:7706: test -z 
			 || test ! -s conftest.err
configure:7709: $? = 0
configure:7712: test -s conftest
configure:7715: $? = 0
configure:7728: result: yes
configure:7747: checking pthread.h usability
configure:7759: gcc -c -g -O2  conftest.c >&5
configure:7765: $? = 0
configure:7769: test -z 
			 || test ! -s conftest.err
configure:7772: $? = 0
configure:7775: test -s conftest.o
configure:7778: $? = 0
configure:7788: result: yes
configure:7792: checking pthread.h presence
configure:7802: gcc -E  conftest.c
configure:7808: $? = 0
configure:7828: result: yes
configure:7863: checking for pthread.h
configure:7870: result: yes
configure:7892: checking pthread/mit/pthread.h usability
configure:7904: gcc -c -g -O2  conftest.c >&5
conftest.c:103:33: error: pthread/mit/pthread.h: No such file or directory
configure:7910: $? = 1
configure: failed program was:
| /* confdefs.h.  */
| 
| #define PACKAGE_NAME ""
| #define PACKAGE_TARNAME ""
| #define PACKAGE_VERSION ""
| #define PACKAGE_STRING ""
| #define PACKAGE_BUGREPORT ""
| #define STDC_HEADERS 1
| #define HAVE_SYS_TYPES_H 1
| #define HAVE_SYS_STAT_H 1
| #define HAVE_STDLIB_H 1
| #define HAVE_STRING_H 1
| #define HAVE_MEMORY_H 1
| #define HAVE_STRINGS_H 1
| #define HAVE_INTTYPES_H 1
| #define HAVE_STDINT_H 1
| #define HAVE_UNISTD_H 1
| #define SIZEOF_SHORT 2
| #define SIZEOF_INT 4
| #define SIZEOF_LONG 4
| #define SIZEOF_VOID_P 4
| #define SIZEOF_LONG_LONG 8
| #define HAVE_LIBNSL 1
| #define STDC_HEADERS 1
| #define HAVE_SYS_WAIT_H 1
| #define HAVE_ARPA_INET_H 1
| #define HAVE_FCNTL_H 1
| #define HAVE_LIMITS_H 1
| #define HAVE_MALLOC_H 1
| #define HAVE_NETDB_H 1
| #define HAVE_NETINET_IN_H 1
| #define HAVE_STDDEF_H 1
| #define HAVE_STDLIB_H 1
| #define HAVE_STRING_H 1
| #define HAVE_SYS_PARAM_H 1
| #define HAVE_SYS_SOCKET_H 1
| #define HAVE_SYS_SELECT_H 1
| #define HAVE_SYS_TIME_H 1
| #define HAVE_UNISTD_H 1
| #define HAVE_SYS_TYPES_H 1
| #define TIME_WITH_SYS_TIME 1
| #define HAVE_SOCKLEN_T 1
| #define HAVE_ALLOCA_H 1
| #define HAVE_ALLOCA 1
| #define HAVE_DUP2 1
| #define HAVE_GETHOSTBYADDR 1
| #define HAVE_GETHOSTBYNAME 1
| #define HAVE_GETHOSTBYADDR_R 1
| #define HAVE_GETHOSTBYNAME_R 1
| #define HAVE_GETHOSTNAME 1
| #define HAVE_WRITEV 1
| #define HAVE_GETTIMEOFDAY 1
| #define HAVE_INET_NTOA 1
| #define HAVE_MEMCHR 1
| #define HAVE_MEMMOVE 1
| #define HAVE_MEMSET 1
| #define HAVE_SELECT 1
| #define HAVE_SOCKET 1
| #define HAVE_STRCHR 1
| #define HAVE_STRERROR 1
| #define HAVE_STRRCHR 1
| #define HAVE_STRSTR 1
| #define HAVE_UNAME 1
| #define HAVE_LIBRESOLV 1
| #define HAVE_LIBRT 1
| #define HAVE_PTHREAD_ATFORK 1
| #define HAVE_PTHREAD_H 1
| /* end confdefs.h.  */
| #include <stdio.h>
| #if HAVE_SYS_TYPES_H
| # include <sys/types.h>
| #endif
| #if HAVE_SYS_STAT_H
| # include <sys/stat.h>
| #endif
| #if STDC_HEADERS
| # include <stdlib.h>
| # include <stddef.h>
| #else
| # if HAVE_STDLIB_H
| #  include <stdlib.h>
| # endif
| #endif
| #if HAVE_STRING_H
| # if !STDC_HEADERS && HAVE_MEMORY_H
| #  include <memory.h>
| # endif
| # include <string.h>
| #endif
| #if HAVE_STRINGS_H
| # include <strings.h>
| #endif
| #if HAVE_INTTYPES_H
| # include <inttypes.h>
| #else
| # if HAVE_STDINT_H
| #  include <stdint.h>
| # endif
| #endif
| #if HAVE_UNISTD_H
| # include <unistd.h>
| #endif
| #include <pthread/mit/pthread.h>
configure:7933: result: no
configure:7937: checking pthread/mit/pthread.h presence
configure:7947: gcc -E  conftest.c
conftest.c:69:33: error: pthread/mit/pthread.h: No such file or directory
configure:7953: $? = 1
configure: failed program was:
| /* confdefs.h.  */
| 
| #define PACKAGE_NAME ""
| #define PACKAGE_TARNAME ""
| #define PACKAGE_VERSION ""
| #define PACKAGE_STRING ""
| #define PACKAGE_BUGREPORT ""
| #define STDC_HEADERS 1
| #define HAVE_SYS_TYPES_H 1
| #define HAVE_SYS_STAT_H 1
| #define HAVE_STDLIB_H 1
| #define HAVE_STRING_H 1
| #define HAVE_MEMORY_H 1
| #define HAVE_STRINGS_H 1
| #define HAVE_INTTYPES_H 1
| #define HAVE_STDINT_H 1
| #define HAVE_UNISTD_H 1
| #define SIZEOF_SHORT 2
| #define SIZEOF_INT 4
| #define SIZEOF_LONG 4
| #define SIZEOF_VOID_P 4
| #define SIZEOF_LONG_LONG 8
| #define HAVE_LIBNSL 1
| #define STDC_HEADERS 1
| #define HAVE_SYS_WAIT_H 1
| #define HAVE_ARPA_INET_H 1
| #define HAVE_FCNTL_H 1
| #define HAVE_LIMITS_H 1
| #define HAVE_MALLOC_H 1
| #define HAVE_NETDB_H 1
| #define HAVE_NETINET_IN_H 1
| #define HAVE_STDDEF_H 1
| #define HAVE_STDLIB_H 1
| #define HAVE_STRING_H 1
| #define HAVE_SYS_PARAM_H 1
| #define HAVE_SYS_SOCKET_H 1
| #define HAVE_SYS_SELECT_H 1
| #define HAVE_SYS_TIME_H 1
| #define HAVE_UNISTD_H 1
| #define HAVE_SYS_TYPES_H 1
| #define TIME_WITH_SYS_TIME 1
| #define HAVE_SOCKLEN_T 1
| #define HAVE_ALLOCA_H 1
| #define HAVE_ALLOCA 1
| #define HAVE_DUP2 1
| #define HAVE_GETHOSTBYADDR 1
| #define HAVE_GETHOSTBYNAME 1
| #define HAVE_GETHOSTBYADDR_R 1
| #define HAVE_GETHOSTBYNAME_R 1
| #define HAVE_GETHOSTNAME 1
| #define HAVE_WRITEV 1
| #define HAVE_GETTIMEOFDAY 1
| #define HAVE_INET_NTOA 1
| #define HAVE_MEMCHR 1
| #define HAVE_MEMMOVE 1
| #define HAVE_MEMSET 1
| #define HAVE_SELECT 1
| #define HAVE_SOCKET 1
| #define HAVE_STRCHR 1
| #define HAVE_STRERROR 1
| #define HAVE_STRRCHR 1
| #define HAVE_STRSTR 1
| #define HAVE_UNAME 1
| #define HAVE_LIBRESOLV 1
| #define HAVE_LIBRT 1
| #define HAVE_PTHREAD_ATFORK 1
| #define HAVE_PTHREAD_H 1
| /* end confdefs.h.  */
| #include <pthread/mit/pthread.h>
configure:7973: result: no
configure:8008: checking for pthread/mit/pthread.h
configure:8015: result: no
configure:8031: checking for Native POSIX Thread Library
configure:8038: result: yes
configure:8052: checking nptl/pthread.h usability
configure:8064: gcc -c -g -O2  conftest.c >&5
conftest.c:103:26: error: nptl/pthread.h: No such file or directory
configure:8070: $? = 1
configure: failed program was:
| /* confdefs.h.  */
| 
| #define PACKAGE_NAME ""
| #define PACKAGE_TARNAME ""
| #define PACKAGE_VERSION ""
| #define PACKAGE_STRING ""
| #define PACKAGE_BUGREPORT ""
| #define STDC_HEADERS 1
| #define HAVE_SYS_TYPES_H 1
| #define HAVE_SYS_STAT_H 1
| #define HAVE_STDLIB_H 1
| #define HAVE_STRING_H 1
| #define HAVE_MEMORY_H 1
| #define HAVE_STRINGS_H 1
| #define HAVE_INTTYPES_H 1
| #define HAVE_STDINT_H 1
| #define HAVE_UNISTD_H 1
| #define SIZEOF_SHORT 2
| #define SIZEOF_INT 4
| #define SIZEOF_LONG 4
| #define SIZEOF_VOID_P 4
| #define SIZEOF_LONG_LONG 8
| #define HAVE_LIBNSL 1
| #define STDC_HEADERS 1
| #define HAVE_SYS_WAIT_H 1
| #define HAVE_ARPA_INET_H 1
| #define HAVE_FCNTL_H 1
| #define HAVE_LIMITS_H 1
| #define HAVE_MALLOC_H 1
| #define HAVE_NETDB_H 1
| #define HAVE_NETINET_IN_H 1
| #define HAVE_STDDEF_H 1
| #define HAVE_STDLIB_H 1
| #define HAVE_STRING_H 1
| #define HAVE_SYS_PARAM_H 1
| #define HAVE_SYS_SOCKET_H 1
| #define HAVE_SYS_SELECT_H 1
| #define HAVE_SYS_TIME_H 1
| #define HAVE_UNISTD_H 1
| #define HAVE_SYS_TYPES_H 1
| #define TIME_WITH_SYS_TIME 1
| #define HAVE_SOCKLEN_T 1
| #define HAVE_ALLOCA_H 1
| #define HAVE_ALLOCA 1
| #define HAVE_DUP2 1
| #define HAVE_GETHOSTBYADDR 1
| #define HAVE_GETHOSTBYNAME 1
| #define HAVE_GETHOSTBYADDR_R 1
| #define HAVE_GETHOSTBYNAME_R 1
| #define HAVE_GETHOSTNAME 1
| #define HAVE_WRITEV 1
| #define HAVE_GETTIMEOFDAY 1
| #define HAVE_INET_NTOA 1
| #define HAVE_MEMCHR 1
| #define HAVE_MEMMOVE 1
| #define HAVE_MEMSET 1
| #define HAVE_SELECT 1
| #define HAVE_SOCKET 1
| #define HAVE_STRCHR 1
| #define HAVE_STRERROR 1
| #define HAVE_STRRCHR 1
| #define HAVE_STRSTR 1
| #define HAVE_UNAME 1
| #define HAVE_LIBRESOLV 1
| #define HAVE_LIBRT 1
| #define HAVE_PTHREAD_ATFORK 1
| #define HAVE_PTHREAD_H 1
| /* end confdefs.h.  */
| #include <stdio.h>
| #if HAVE_SYS_TYPES_H
| # include <sys/types.h>
| #endif
| #if HAVE_SYS_STAT_H
| # include <sys/stat.h>
| #endif
| #if STDC_HEADERS
| # include <stdlib.h>
| # include <stddef.h>
| #else
| # if HAVE_STDLIB_H
| #  include <stdlib.h>
| # endif
| #endif
| #if HAVE_STRING_H
| # if !STDC_HEADERS && HAVE_MEMORY_H
| #  include <memory.h>
| # endif
| # include <string.h>
| #endif
| #if HAVE_STRINGS_H
| # include <strings.h>
| #endif
| #if HAVE_INTTYPES_H
| # include <inttypes.h>
| #else
| # if HAVE_STDINT_H
| #  include <stdint.h>
| # endif
| #endif
| #if HAVE_UNISTD_H
| # include <unistd.h>
| #endif
| #include <nptl/pthread.h>
configure:8093: result: no
configure:8097: checking nptl/pthread.h presence
configure:8107: gcc -E  conftest.c
conftest.c:69:26: error: nptl/pthread.h: No such file or directory
configure:8113: $? = 1
configure: failed program was:
| /* confdefs.h.  */
| 
| #define PACKAGE_NAME ""
| #define PACKAGE_TARNAME ""
| #define PACKAGE_VERSION ""
| #define PACKAGE_STRING ""
| #define PACKAGE_BUGREPORT ""
| #define STDC_HEADERS 1
| #define HAVE_SYS_TYPES_H 1
| #define HAVE_SYS_STAT_H 1
| #define HAVE_STDLIB_H 1
| #define HAVE_STRING_H 1
| #define HAVE_MEMORY_H 1
| #define HAVE_STRINGS_H 1
| #define HAVE_INTTYPES_H 1
| #define HAVE_STDINT_H 1
| #define HAVE_UNISTD_H 1
| #define SIZEOF_SHORT 2
| #define SIZEOF_INT 4
| #define SIZEOF_LONG 4
| #define SIZEOF_VOID_P 4
| #define SIZEOF_LONG_LONG 8
| #define HAVE_LIBNSL 1
| #define STDC_HEADERS 1
| #define HAVE_SYS_WAIT_H 1
| #define HAVE_ARPA_INET_H 1
| #define HAVE_FCNTL_H 1
| #define HAVE_LIMITS_H 1
| #define HAVE_MALLOC_H 1
| #define HAVE_NETDB_H 1
| #define HAVE_NETINET_IN_H 1
| #define HAVE_STDDEF_H 1
| #define HAVE_STDLIB_H 1
| #define HAVE_STRING_H 1
| #define HAVE_SYS_PARAM_H 1
| #define HAVE_SYS_SOCKET_H 1
| #define HAVE_SYS_SELECT_H 1
| #define HAVE_SYS_TIME_H 1
| #define HAVE_UNISTD_H 1
| #define HAVE_SYS_TYPES_H 1
| #define TIME_WITH_SYS_TIME 1
| #define HAVE_SOCKLEN_T 1
| #define HAVE_ALLOCA_H 1
| #define HAVE_ALLOCA 1
| #define HAVE_DUP2 1
| #define HAVE_GETHOSTBYADDR 1
| #define HAVE_GETHOSTBYNAME 1
| #define HAVE_GETHOSTBYADDR_R 1
| #define HAVE_GETHOSTBYNAME_R 1
| #define HAVE_GETHOSTNAME 1
| #define HAVE_WRITEV 1
| #define HAVE_GETTIMEOFDAY 1
| #define HAVE_INET_NTOA 1
| #define HAVE_MEMCHR 1
| #define HAVE_MEMMOVE 1
| #define HAVE_MEMSET 1
| #define HAVE_SELECT 1
| #define HAVE_SOCKET 1
| #define HAVE_STRCHR 1
| #define HAVE_STRERROR 1
| #define HAVE_STRRCHR 1
| #define HAVE_STRSTR 1
| #define HAVE_UNAME 1
| #define HAVE_LIBRESOLV 1
| #define HAVE_LIBRT 1
| #define HAVE_PTHREAD_ATFORK 1
| #define HAVE_PTHREAD_H 1
| /* end confdefs.h.  */
| #include <nptl/pthread.h>
configure:8133: result: no
configure:8168: checking for nptl/pthread.h
configure:8175: result: no
configure:8511: creating ./config.status

## ---------------------- ##
## Running config.status. ##
## ---------------------- ##

This file was extended by config.status, which was
generated by GNU Autoconf 2.59.  Invocation command line was

  CONFIG_FILES    = 
  CONFIG_HEADERS  = 
  CONFIG_LINKS    = 
  CONFIG_COMMANDS = 
  $ ./config.status 

on dale

config.status:674: creating src/i686-pc-linux-gnu/Makefile
config.status:674: creating src/i686-pc-linux-gnu/eidefs.mk
config.status:771: creating src/i686-pc-linux-gnu/config.h

## ---------------- ##
## Cache variables. ##
## ---------------- ##

ac_cv_build=i686-pc-linux-gnu
ac_cv_build_alias=i686-pc-linux-gnu
ac_cv_c_compiler_gnu=yes
ac_cv_env_CC_set=
ac_cv_env_CC_value=
ac_cv_env_CFLAGS_set=
ac_cv_env_CFLAGS_value=
ac_cv_env_CPPFLAGS_set=
ac_cv_env_CPPFLAGS_value=
ac_cv_env_CPP_set=
ac_cv_env_CPP_value=
ac_cv_env_LDFLAGS_set=
ac_cv_env_LDFLAGS_value=
ac_cv_env_build_alias_set=
ac_cv_env_build_alias_value=
ac_cv_env_host_alias_set=
ac_cv_env_host_alias_value=
ac_cv_env_target_alias_set=
ac_cv_env_target_alias_value=
ac_cv_exeext=
ac_cv_func_alloca_works=yes
ac_cv_func_clock_gettime=no
ac_cv_func_dup2=yes
ac_cv_func_gethostbyaddr=yes
ac_cv_func_gethostbyaddr_r=yes
ac_cv_func_gethostbyname=yes
ac_cv_func_gethostbyname_r=yes
ac_cv_func_gethostname=yes
ac_cv_func_gethrtime=no
ac_cv_func_gettimeofday=yes
ac_cv_func_inet_ntoa=yes
ac_cv_func_memchr=yes
ac_cv_func_memcmp_working=yes
ac_cv_func_memmove=yes
ac_cv_func_memset=yes
ac_cv_func_res_gethostbyname=no
ac_cv_func_select=yes
ac_cv_func_socket=yes
ac_cv_func_strchr=yes
ac_cv_func_strerror=yes
ac_cv_func_strrchr=yes
ac_cv_func_strstr=yes
ac_cv_func_uname=yes
ac_cv_func_writev=yes
ac_cv_header_arpa_inet_h=yes
ac_cv_header_fcntl_h=yes
ac_cv_header_inttypes_h=yes
ac_cv_header_limits_h=yes
ac_cv_header_malloc_h=yes
ac_cv_header_memory_h=yes
ac_cv_header_netdb_h=yes
ac_cv_header_netinet_in_h=yes
ac_cv_header_nptl_pthread_h=no
ac_cv_header_pthread_h=yes
ac_cv_header_pthread_mit_pthread_h=no
ac_cv_header_stdc=yes
ac_cv_header_stddef_h=yes
ac_cv_header_stdint_h=yes
ac_cv_header_stdlib_h=yes
ac_cv_header_string_h=yes
ac_cv_header_strings_h=yes
ac_cv_header_sys_param_h=yes
ac_cv_header_sys_select_h=yes
ac_cv_header_sys_socket_h=yes
ac_cv_header_sys_stat_h=yes
ac_cv_header_sys_time_h=yes
ac_cv_header_sys_types_h=yes
ac_cv_header_sys_wait_h=yes
ac_cv_header_time=yes
ac_cv_header_unistd_h=yes
ac_cv_host=i686-pc-linux-gnu
ac_cv_host_alias=i686-pc-linux-gnu
ac_cv_lib_nsl_gethostbyname=yes
ac_cv_lib_pthread___pthread_atfork=yes
ac_cv_lib_pthread_pthread_create=yes
ac_cv_lib_resolv_res_gethostbyname=yes
ac_cv_lib_rt_clock_gettime=yes
ac_cv_lib_socket_getpeername=no
ac_cv_objext=o
ac_cv_path_install='/usr/bin/install -c'
ac_cv_prog_AR=ar
ac_cv_prog_CPP='gcc -E'
ac_cv_prog_ac_ct_CC=gcc
ac_cv_prog_ac_ct_LD=ld
ac_cv_prog_ac_ct_RANLIB=ranlib
ac_cv_prog_cc_g=yes
ac_cv_prog_cc_stdc=
ac_cv_prog_egrep='grep -E'
ac_cv_prog_gcc_traditional=no
ac_cv_prog_mkdir_p='/usr/bin/install -c -d'
ac_cv_sizeof_int=4
ac_cv_sizeof_long=4
ac_cv_sizeof_long_long=8
ac_cv_sizeof_short=2
ac_cv_sizeof_void_p=4
ac_cv_type_int=yes
ac_cv_type_long=yes
ac_cv_type_long_long=yes
ac_cv_type_pid_t=yes
ac_cv_type_short=yes
ac_cv_type_size_t=yes
ac_cv_type_uid_t=yes
ac_cv_type_void_p=yes
ac_cv_working_alloca_h=yes

## ----------------- ##
## Output variables. ##
## ----------------- ##

ALLOCA=''
AR='ar'
CC='gcc'
CFLAGS='-g -O2'
CPP='gcc -E'
CPPFLAGS=''
DED_CFLAGS='-g -O2 -fPIC'
DEFS='-DHAVE_CONFIG_H'
ECHO_C=''
ECHO_N='-n'
ECHO_T=''
EGREP='grep -E'
EI_THREADS='true'
EXEEXT=''
INSTALL_DATA='${INSTALL} -m 644'
INSTALL_DIR='/usr/bin/install -c -d'
INSTALL_PROGRAM='${INSTALL}'
INSTALL_SCRIPT='${INSTALL}'
LD='ld'
LDFLAGS=''
LIBOBJS=''
LIBS='-lrt -lresolv -lnsl '
LTLIBOBJS=''
MIXED_CYGWIN='no'
MIXED_CYGWIN_MINGW='no'
MIXED_CYGWIN_VC='no'
OBJEXT='o'
PACKAGE_BUGREPORT=''
PACKAGE_NAME=''
PACKAGE_STRING=''
PACKAGE_TARNAME=''
PACKAGE_VERSION=''
PATH_SEPARATOR=':'
RANLIB='ranlib'
SHELL='/bin/bash'
TARGET='i686-pc-linux-gnu'
THR_DEFS='-D_REENTRANT -D_THREAD_SAFE -DPOSIX_THREADS'
THR_LIBS='-lpthread'
WFLAGS='-Wall -Wstrict-prototypes -Wmissing-prototypes -Wmissing-declarations -Wnested-externs -Winline -fno-strict-aliasing'
ac_ct_CC='gcc'
ac_ct_LD='ld'
ac_ct_RANLIB='ranlib'
bindir='${exec_prefix}/bin'
build='i686-pc-linux-gnu'
build_alias=''
build_cpu='i686'
build_os='linux-gnu'
build_vendor='pc'
datadir='${prefix}/share'
exec_prefix='${prefix}'
host='i686-pc-linux-gnu'
host_alias=''
host_cpu='i686'
host_os='linux-gnu'
host_vendor='pc'
includedir='${prefix}/include'
infodir='${prefix}/info'
libdir='${exec_prefix}/lib'
libexecdir='${exec_prefix}/libexec'
localstatedir='${prefix}/var'
mandir='${prefix}/man'
oldincludedir='/usr/include'
prefix='/usr/local'
program_transform_name='s,x,x,'
sbindir='${exec_prefix}/sbin'
sharedstatedir='${prefix}/com'
sysconfdir='${prefix}/etc'
target_alias=''

## ----------- ##
## confdefs.h. ##
## ----------- ##

#define HAVE_ALLOCA 1
#define HAVE_ALLOCA_H 1
#define HAVE_ARPA_INET_H 1
#define HAVE_DUP2 1
#define HAVE_FCNTL_H 1
#define HAVE_GETHOSTBYADDR 1
#define HAVE_GETHOSTBYADDR_R 1
#define HAVE_GETHOSTBYNAME 1
#define HAVE_GETHOSTBYNAME_R 1
#define HAVE_GETHOSTNAME 1
#define HAVE_GETTIMEOFDAY 1
#define HAVE_INET_NTOA 1
#define HAVE_INTTYPES_H 1
#define HAVE_LIBNSL 1
#define HAVE_LIBRESOLV 1
#define HAVE_LIBRT 1
#define HAVE_LIMITS_H 1
#define HAVE_MALLOC_H 1
#define HAVE_MEMCHR 1
#define HAVE_MEMMOVE 1
#define HAVE_MEMORY_H 1
#define HAVE_MEMSET 1
#define HAVE_NETDB_H 1
#define HAVE_NETINET_IN_H 1
#define HAVE_PTHREAD_ATFORK 1
#define HAVE_PTHREAD_H 1
#define HAVE_SELECT 1
#define HAVE_SOCKET 1
#define HAVE_SOCKLEN_T 1
#define HAVE_STDDEF_H 1
#define HAVE_STDINT_H 1
#define HAVE_STDLIB_H 1
#define HAVE_STDLIB_H 1
#define HAVE_STRCHR 1
#define HAVE_STRERROR 1
#define HAVE_STRINGS_H 1
#define HAVE_STRING_H 1
#define HAVE_STRING_H 1
#define HAVE_STRRCHR 1
#define HAVE_STRSTR 1
#define HAVE_SYS_PARAM_H 1
#define HAVE_SYS_SELECT_H 1
#define HAVE_SYS_SOCKET_H 1
#define HAVE_SYS_STAT_H 1
#define HAVE_SYS_TIME_H 1
#define HAVE_SYS_TYPES_H 1
#define HAVE_SYS_TYPES_H 1
#define HAVE_SYS_WAIT_H 1
#define HAVE_UNAME 1
#define HAVE_UNISTD_H 1
#define HAVE_UNISTD_H 1
#define HAVE_WRITEV 1
#define PACKAGE_BUGREPORT ""
#define PACKAGE_NAME ""
#define PACKAGE_STRING ""
#define PACKAGE_TARNAME ""
#define PACKAGE_VERSION ""
#define SIZEOF_INT 4
#define SIZEOF_LONG 4
#define SIZEOF_LONG_LONG 8
#define SIZEOF_SHORT 2
#define SIZEOF_VOID_P 4
#define STDC_HEADERS 1
#define STDC_HEADERS 1
#define TIME_WITH_SYS_TIME 1

configure: exit 0
