This file contains any messages produced by compilers while
running configure, to aid debugging if configure makes a mistake.

It was created by configure, which was
generated by GNU Autoconf 2.59.  Invocation command line was

  $ /home/dale/apps/otp_src_R13B/lib/wx/./configure --prefix=/usr/local --prefix=/usr/local --cache-file=/dev/null --srcdir=/home/dale/apps/otp_src_R13B/lib --cache-file=/dev/null --srcdir=/home/dale/apps/otp_src_R13B/lib/wx/.

## --------- ##
## Platform. ##
## --------- ##

hostname = dale
uname -m = i686
uname -r = 2.6.28-14-generic
uname -s = Linux
uname -v = #47-Ubuntu SMP Sat Jul 25 00:28:35 UTC 2009

/usr/bin/uname -p = unknown
/bin/uname -X     = unknown

/bin/arch              = unknown
/usr/bin/arch -k       = unknown
/usr/convex/getsysinfo = unknown
hostinfo               = unknown
/bin/machine           = unknown
/usr/bin/oslevel       = unknown
/bin/universe          = unknown

PATH: /home/dale/bin
PATH: /home/dale/erlang-r13/bin
PATH: /usr/local/sbin
PATH: /usr/local/bin
PATH: /usr/sbin
PATH: /usr/bin
PATH: /sbin
PATH: /bin
PATH: /usr/games


## ----------- ##
## Core tests. ##
## ----------- ##

configure:1431: checking build system type
configure:1449: result: i686-pc-linux-gnu
configure:1457: checking host system type
configure:1471: result: i686-pc-linux-gnu
configure:1542: checking for gcc
configure:1558: found /usr/bin/gcc
configure:1568: result: gcc
configure:1812: checking for C compiler version
configure:1815: gcc --version </dev/null >&5
gcc (Ubuntu 4.3.3-5ubuntu4) 4.3.3
Copyright (C) 2008 Free Software Foundation, Inc.
This is free software; see the source for copying conditions.  There is NO
warranty; not even for MERCHANTABILITY or FITNESS FOR A PARTICULAR PURPOSE.

configure:1818: $? = 0
configure:1820: gcc -v </dev/null >&5
Using built-in specs.
Target: i486-linux-gnu
Configured with: ../src/configure -v --with-pkgversion='Ubuntu 4.3.3-5ubuntu4' --with-bugurl=file:///usr/share/doc/gcc-4.3/README.Bugs --enable-languages=c,c++,fortran,objc,obj-c++ --prefix=/usr --enable-shared --with-system-zlib --libexecdir=/usr/lib --without-included-gettext --enable-threads=posix --enable-nls --with-gxx-include-dir=/usr/include/c++/4.3 --program-suffix=-4.3 --enable-clocale=gnu --enable-libstdcxx-debug --enable-objc-gc --enable-mpfr --enable-targets=all --with-tune=generic --enable-checking=release --build=i486-linux-gnu --host=i486-linux-gnu --target=i486-linux-gnu
Thread model: posix
gcc version 4.3.3 (Ubuntu 4.3.3-5ubuntu4) 
configure:1823: $? = 0
configure:1825: gcc -V </dev/null >&5
gcc: '-V' option must have argument
configure:1828: $? = 1
configure:1851: checking for C compiler default output file name
configure:1854: gcc    conftest.c  >&5
configure:1857: $? = 0
configure:1903: result: a.out
configure:1908: checking whether the C compiler works
configure:1914: ./a.out
configure:1917: $? = 0
configure:1934: result: yes
configure:1941: checking whether we are cross compiling
configure:1943: result: no
configure:1946: checking for suffix of executables
configure:1948: gcc -o conftest    conftest.c  >&5
configure:1951: $? = 0
configure:1976: result: 
configure:1982: checking for suffix of object files
configure:2003: gcc -c   conftest.c >&5
configure:2006: $? = 0
configure:2028: result: o
configure:2032: checking whether we are using the GNU C compiler
configure:2056: gcc -c   conftest.c >&5
configure:2062: $? = 0
configure:2066: test -z 
			 || test ! -s conftest.err
configure:2069: $? = 0
configure:2072: test -s conftest.o
configure:2075: $? = 0
configure:2088: result: yes
configure:2094: checking whether gcc accepts -g
configure:2115: gcc -c -g  conftest.c >&5
configure:2121: $? = 0
configure:2125: test -z 
			 || test ! -s conftest.err
configure:2128: $? = 0
configure:2131: test -s conftest.o
configure:2134: $? = 0
configure:2145: result: yes
configure:2162: checking for gcc option to accept ANSI C
configure:2232: gcc  -c -g -O2  conftest.c >&5
configure:2238: $? = 0
configure:2242: test -z 
			 || test ! -s conftest.err
configure:2245: $? = 0
configure:2248: test -s conftest.o
configure:2251: $? = 0
configure:2269: result: none needed
configure:2287: gcc -c -g -O2  conftest.c >&5
conftest.c:2: error: expected '=', ',', ';', 'asm' or '__attribute__' before 'me'
configure:2293: $? = 1
configure: failed program was:
| #ifndef __cplusplus
|   choke me
| #endif
configure:2478: checking for g++
configure:2494: found /usr/bin/g++
configure:2504: result: g++
configure:2520: checking for C++ compiler version
configure:2523: g++ --version </dev/null >&5
g++ (Ubuntu 4.3.3-5ubuntu4) 4.3.3
Copyright (C) 2008 Free Software Foundation, Inc.
This is free software; see the source for copying conditions.  There is NO
warranty; not even for MERCHANTABILITY or FITNESS FOR A PARTICULAR PURPOSE.

configure:2526: $? = 0
configure:2528: g++ -v </dev/null >&5
Using built-in specs.
Target: i486-linux-gnu
Configured with: ../src/configure -v --with-pkgversion='Ubuntu 4.3.3-5ubuntu4' --with-bugurl=file:///usr/share/doc/gcc-4.3/README.Bugs --enable-languages=c,c++,fortran,objc,obj-c++ --prefix=/usr --enable-shared --with-system-zlib --libexecdir=/usr/lib --without-included-gettext --enable-threads=posix --enable-nls --with-gxx-include-dir=/usr/include/c++/4.3 --program-suffix=-4.3 --enable-clocale=gnu --enable-libstdcxx-debug --enable-objc-gc --enable-mpfr --enable-targets=all --with-tune=generic --enable-checking=release --build=i486-linux-gnu --host=i486-linux-gnu --target=i486-linux-gnu
Thread model: posix
gcc version 4.3.3 (Ubuntu 4.3.3-5ubuntu4) 
configure:2531: $? = 0
configure:2533: g++ -V </dev/null >&5
g++: '-V' option must have argument
configure:2536: $? = 1
configure:2539: checking whether we are using the GNU C++ compiler
configure:2563: g++ -c   conftest.cc >&5
configure:2569: $? = 0
configure:2573: test -z 
			 || test ! -s conftest.err
configure:2576: $? = 0
configure:2579: test -s conftest.o
configure:2582: $? = 0
configure:2595: result: yes
configure:2601: checking whether g++ accepts -g
configure:2622: g++ -c -g  conftest.cc >&5
configure:2628: $? = 0
configure:2632: test -z 
			 || test ! -s conftest.err
configure:2635: $? = 0
configure:2638: test -s conftest.o
configure:2641: $? = 0
configure:2652: result: yes
configure:2694: g++ -c -g -O2  conftest.cc >&5
configure:2700: $? = 0
configure:2704: test -z 
			 || test ! -s conftest.err
configure:2707: $? = 0
configure:2710: test -s conftest.o
configure:2713: $? = 0
configure:2739: g++ -c -g -O2  conftest.cc >&5
conftest.cc: In function 'int main()':
conftest.cc:13: error: 'exit' was not declared in this scope
configure:2745: $? = 1
configure: failed program was:
| /* confdefs.h.  */
| 
| #define PACKAGE_NAME ""
| #define PACKAGE_TARNAME ""
| #define PACKAGE_VERSION ""
| #define PACKAGE_STRING ""
| #define PACKAGE_BUGREPORT ""
| /* end confdefs.h.  */
| 
| int
| main ()
| {
| exit (42);
|   ;
|   return 0;
| }
configure:2694: g++ -c -g -O2  conftest.cc >&5
conftest.cc:9: error: 'void std::exit(int)' should have been declared inside 'std'
configure:2700: $? = 1
configure: failed program was:
| /* confdefs.h.  */
| 
| #define PACKAGE_NAME ""
| #define PACKAGE_TARNAME ""
| #define PACKAGE_VERSION ""
| #define PACKAGE_STRING ""
| #define PACKAGE_BUGREPORT ""
| /* end confdefs.h.  */
| extern "C" void std::exit (int) throw (); using std::exit;
| #include <stdlib.h>
| int
| main ()
| {
| exit (42);
|   ;
|   return 0;
| }
configure:2694: g++ -c -g -O2  conftest.cc >&5
conftest.cc:9: error: 'void std::exit(int)' should have been declared inside 'std'
In file included from conftest.cc:10:
/usr/include/stdlib.h:531: error: declaration of 'void std::exit(int) throw ()' throws different exceptions
conftest.cc:9: error: from previous declaration 'void std::exit(int)'
configure:2700: $? = 1
configure: failed program was:
| /* confdefs.h.  */
| 
| #define PACKAGE_NAME ""
| #define PACKAGE_TARNAME ""
| #define PACKAGE_VERSION ""
| #define PACKAGE_STRING ""
| #define PACKAGE_BUGREPORT ""
| /* end confdefs.h.  */
| extern "C" void std::exit (int); using std::exit;
| #include <stdlib.h>
| int
| main ()
| {
| exit (42);
|   ;
|   return 0;
| }
configure:2694: g++ -c -g -O2  conftest.cc >&5
configure:2700: $? = 0
configure:2704: test -z 
			 || test ! -s conftest.err
configure:2707: $? = 0
configure:2710: test -s conftest.o
configure:2713: $? = 0
configure:2739: g++ -c -g -O2  conftest.cc >&5
configure:2745: $? = 0
configure:2749: test -z 
			 || test ! -s conftest.err
configure:2752: $? = 0
configure:2755: test -s conftest.o
configure:2758: $? = 0
configure:2822: checking for ranlib
configure:2838: found /usr/bin/ranlib
configure:2849: result: ranlib
configure:2866: checking how to run the C preprocessor
configure:2901: gcc -E  conftest.c
configure:2907: $? = 0
configure:2939: gcc -E  conftest.c
conftest.c:12:28: error: ac_nonexistent.h: No such file or directory
configure:2945: $? = 1
configure: failed program was:
| /* confdefs.h.  */
| 
| #define PACKAGE_NAME ""
| #define PACKAGE_TARNAME ""
| #define PACKAGE_VERSION ""
| #define PACKAGE_STRING ""
| #define PACKAGE_BUGREPORT ""
| #ifdef __cplusplus
| extern "C" void exit (int) throw ();
| #endif
| /* end confdefs.h.  */
| #include <ac_nonexistent.h>
configure:2984: result: gcc -E
configure:3008: gcc -E  conftest.c
configure:3014: $? = 0
configure:3046: gcc -E  conftest.c
conftest.c:12:28: error: ac_nonexistent.h: No such file or directory
configure:3052: $? = 1
configure: failed program was:
| /* confdefs.h.  */
| 
| #define PACKAGE_NAME ""
| #define PACKAGE_TARNAME ""
| #define PACKAGE_VERSION ""
| #define PACKAGE_STRING ""
| #define PACKAGE_BUGREPORT ""
| #ifdef __cplusplus
| extern "C" void exit (int) throw ();
| #endif
| /* end confdefs.h.  */
| #include <ac_nonexistent.h>
configure:3096: Building for linux-gnu
configure:3101: checking for mixed cygwin and native VC++ environment
configure:3119: result: no
configure:3125: checking for mixed cygwin and native MinGW environment
configure:3143: result: no
configure:3149: checking if we mix cygwin with any native compiler
configure:3155: result: no
configure:3326: checking for debug build of WxWidgets
configure:3359: checking for wx-config
configure:3378: found /usr/bin/wx-config
configure:3391: result: /usr/bin/wx-config
configure:3408: checking for wxWidgets version >= 2.8.0 (--unicode --debug=yes)
configure:3521: result: no
configure:3569: checking for standard build of WxWidgets
configure:3601: checking for wx-config
configure:3633: result: /usr/bin/wx-config
configure:3650: checking for wxWidgets version >= 2.8.0 (--unicode --debug=no)
configure:3694: result: yes (version 2.8.9)
configure:3698: checking for wxWidgets static library
configure:3702: result: no
configure:4153: checking for egrep
configure:4163: result: grep -E
configure:4168: checking for ANSI C header files
configure:4193: gcc -c -g -Wall -O2 -fPIC -fomit-frame-pointer -fno-strict-aliasing   -D_GNU_SOURCE -D_THREAD_SAFE -D_REENTRANT   -D_GNU_SOURCE -D_THREAD_SAFE -D_REENTRANT conftest.c >&5
configure:4199: $? = 0
configure:4203: test -z 
			 || test ! -s conftest.err
configure:4206: $? = 0
configure:4209: test -s conftest.o
configure:4212: $? = 0
configure:4301: gcc -o conftest -g -Wall -O2 -fPIC -fomit-frame-pointer -fno-strict-aliasing   -D_GNU_SOURCE -D_THREAD_SAFE -D_REENTRANT   -D_GNU_SOURCE -D_THREAD_SAFE -D_REENTRANT -shared -fPIC conftest.c  >&5
conftest.c: In function 'main':
conftest.c:29: warning: implicit declaration of function 'exit'
conftest.c:29: warning: incompatible implicit declaration of built-in function 'exit'
configure:4304: $? = 0
configure:4306: ./conftest
/home/dale/apps/otp_src_R13B/lib/wx/./configure: line 4307: 11789 Segmentation fault      ./conftest$ac_exeext
configure:4309: $? = 139
configure: program exited with status 139
configure: failed program was:
| /* confdefs.h.  */
| 
| #define PACKAGE_NAME ""
| #define PACKAGE_TARNAME ""
| #define PACKAGE_VERSION ""
| #define PACKAGE_STRING ""
| #define PACKAGE_BUGREPORT ""
| #ifdef __cplusplus
| extern "C" void exit (int) throw ();
| #endif
| /* end confdefs.h.  */
| #include <ctype.h>
| #if ((' ' & 0x0FF) == 0x020)
| # define ISLOWER(c) ('a' <= (c) && (c) <= 'z')
| # define TOUPPER(c) (ISLOWER(c) ? 'A' + ((c) - 'a') : (c))
| #else
| # define ISLOWER(c) 		   (('a' <= (c) && (c) <= 'i') 		     || ('j' <= (c) && (c) <= 'r') 		     || ('s' <= (c) && (c) <= 'z'))
| # define TOUPPER(c) (ISLOWER(c) ? ((c) | 0x40) : (c))
| #endif
| 
| #define XOR(e, f) (((e) && !(f)) || (!(e) && (f)))
| int
| main ()
| {
|   int i;
|   for (i = 0; i < 256; i++)
|     if (XOR (islower (i), ISLOWER (i))
| 	|| toupper (i) != TOUPPER (i))
|       exit(2);
|   exit (0);
| }
configure:4324: result: no
configure:4348: checking for sys/types.h
configure:4364: gcc -c -g -Wall -O2 -fPIC -fomit-frame-pointer -fno-strict-aliasing   -D_GNU_SOURCE -D_THREAD_SAFE -D_REENTRANT   -D_GNU_SOURCE -D_THREAD_SAFE -D_REENTRANT conftest.c >&5
configure:4370: $? = 0
configure:4374: test -z 
			 || test ! -s conftest.err
configure:4377: $? = 0
configure:4380: test -s conftest.o
configure:4383: $? = 0
configure:4394: result: yes
configure:4348: checking for sys/stat.h
configure:4364: gcc -c -g -Wall -O2 -fPIC -fomit-frame-pointer -fno-strict-aliasing   -D_GNU_SOURCE -D_THREAD_SAFE -D_REENTRANT   -D_GNU_SOURCE -D_THREAD_SAFE -D_REENTRANT conftest.c >&5
configure:4370: $? = 0
configure:4374: test -z 
			 || test ! -s conftest.err
configure:4377: $? = 0
configure:4380: test -s conftest.o
configure:4383: $? = 0
configure:4394: result: yes
configure:4348: checking for stdlib.h
configure:4364: gcc -c -g -Wall -O2 -fPIC -fomit-frame-pointer -fno-strict-aliasing   -D_GNU_SOURCE -D_THREAD_SAFE -D_REENTRANT   -D_GNU_SOURCE -D_THREAD_SAFE -D_REENTRANT conftest.c >&5
configure:4370: $? = 0
configure:4374: test -z 
			 || test ! -s conftest.err
configure:4377: $? = 0
configure:4380: test -s conftest.o
configure:4383: $? = 0
configure:4394: result: yes
configure:4348: checking for string.h
configure:4364: gcc -c -g -Wall -O2 -fPIC -fomit-frame-pointer -fno-strict-aliasing   -D_GNU_SOURCE -D_THREAD_SAFE -D_REENTRANT   -D_GNU_SOURCE -D_THREAD_SAFE -D_REENTRANT conftest.c >&5
configure:4370: $? = 0
configure:4374: test -z 
			 || test ! -s conftest.err
configure:4377: $? = 0
configure:4380: test -s conftest.o
configure:4383: $? = 0
configure:4394: result: yes
configure:4348: checking for memory.h
configure:4364: gcc -c -g -Wall -O2 -fPIC -fomit-frame-pointer -fno-strict-aliasing   -D_GNU_SOURCE -D_THREAD_SAFE -D_REENTRANT   -D_GNU_SOURCE -D_THREAD_SAFE -D_REENTRANT conftest.c >&5
configure:4370: $? = 0
configure:4374: test -z 
			 || test ! -s conftest.err
configure:4377: $? = 0
configure:4380: test -s conftest.o
configure:4383: $? = 0
configure:4394: result: yes
configure:4348: checking for strings.h
configure:4364: gcc -c -g -Wall -O2 -fPIC -fomit-frame-pointer -fno-strict-aliasing   -D_GNU_SOURCE -D_THREAD_SAFE -D_REENTRANT   -D_GNU_SOURCE -D_THREAD_SAFE -D_REENTRANT conftest.c >&5
configure:4370: $? = 0
configure:4374: test -z 
			 || test ! -s conftest.err
configure:4377: $? = 0
configure:4380: test -s conftest.o
configure:4383: $? = 0
configure:4394: result: yes
configure:4348: checking for inttypes.h
configure:4364: gcc -c -g -Wall -O2 -fPIC -fomit-frame-pointer -fno-strict-aliasing   -D_GNU_SOURCE -D_THREAD_SAFE -D_REENTRANT   -D_GNU_SOURCE -D_THREAD_SAFE -D_REENTRANT conftest.c >&5
configure:4370: $? = 0
configure:4374: test -z 
			 || test ! -s conftest.err
configure:4377: $? = 0
configure:4380: test -s conftest.o
configure:4383: $? = 0
configure:4394: result: yes
configure:4348: checking for stdint.h
configure:4364: gcc -c -g -Wall -O2 -fPIC -fomit-frame-pointer -fno-strict-aliasing   -D_GNU_SOURCE -D_THREAD_SAFE -D_REENTRANT   -D_GNU_SOURCE -D_THREAD_SAFE -D_REENTRANT conftest.c >&5
configure:4370: $? = 0
configure:4374: test -z 
			 || test ! -s conftest.err
configure:4377: $? = 0
configure:4380: test -s conftest.o
configure:4383: $? = 0
configure:4394: result: yes
configure:4348: checking for unistd.h
configure:4364: gcc -c -g -Wall -O2 -fPIC -fomit-frame-pointer -fno-strict-aliasing   -D_GNU_SOURCE -D_THREAD_SAFE -D_REENTRANT   -D_GNU_SOURCE -D_THREAD_SAFE -D_REENTRANT conftest.c >&5
configure:4370: $? = 0
configure:4374: test -z 
			 || test ! -s conftest.err
configure:4377: $? = 0
configure:4380: test -s conftest.o
configure:4383: $? = 0
configure:4394: result: yes
configure:4420: checking GL/gl.h usability
configure:4432: gcc -c -g -Wall -O2 -fPIC -fomit-frame-pointer -fno-strict-aliasing   -D_GNU_SOURCE -D_THREAD_SAFE -D_REENTRANT   -D_GNU_SOURCE -D_THREAD_SAFE -D_REENTRANT conftest.c >&5
configure:4438: $? = 0
configure:4442: test -z 
			 || test ! -s conftest.err
configure:4445: $? = 0
configure:4448: test -s conftest.o
configure:4451: $? = 0
configure:4461: result: yes
configure:4465: checking GL/gl.h presence
configure:4475: gcc -E  -D_GNU_SOURCE -D_THREAD_SAFE -D_REENTRANT conftest.c
configure:4481: $? = 0
configure:4501: result: yes
configure:4536: checking for GL/gl.h
configure:4543: result: yes
configure:4570: checking OpenGL/gl.h usability
configure:4582: gcc -c -g -Wall -O2 -fPIC -fomit-frame-pointer -fno-strict-aliasing   -D_GNU_SOURCE -D_THREAD_SAFE -D_REENTRANT   -D_GNU_SOURCE -D_THREAD_SAFE -D_REENTRANT conftest.c >&5
conftest.c:56:23: error: OpenGL/gl.h: No such file or directory
configure:4588: $? = 1
configure: failed program was:
| /* confdefs.h.  */
| 
| #define PACKAGE_NAME ""
| #define PACKAGE_TARNAME ""
| #define PACKAGE_VERSION ""
| #define PACKAGE_STRING ""
| #define PACKAGE_BUGREPORT ""
| #ifdef __cplusplus
| extern "C" void exit (int) throw ();
| #endif
| #define HAVE_SYS_TYPES_H 1
| #define HAVE_SYS_STAT_H 1
| #define HAVE_STDLIB_H 1
| #define HAVE_STRING_H 1
| #define HAVE_MEMORY_H 1
| #define HAVE_STRINGS_H 1
| #define HAVE_INTTYPES_H 1
| #define HAVE_STDINT_H 1
| #define HAVE_UNISTD_H 1
| #define HAVE_GL_GL_H 1
| /* end confdefs.h.  */
| #include <stdio.h>
| #if HAVE_SYS_TYPES_H
| # include <sys/types.h>
| #endif
| #if HAVE_SYS_STAT_H
| # include <sys/stat.h>
| #endif
| #if STDC_HEADERS
| # include <stdlib.h>
| # include <stddef.h>
| #else
| # if HAVE_STDLIB_H
| #  include <stdlib.h>
| # endif
| #endif
| #if HAVE_STRING_H
| # if !STDC_HEADERS && HAVE_MEMORY_H
| #  include <memory.h>
| # endif
| # include <string.h>
| #endif
| #if HAVE_STRINGS_H
| # include <strings.h>
| #endif
| #if HAVE_INTTYPES_H
| # include <inttypes.h>
| #else
| # if HAVE_STDINT_H
| #  include <stdint.h>
| # endif
| #endif
| #if HAVE_UNISTD_H
| # include <unistd.h>
| #endif
| #include <OpenGL/gl.h>
configure:4611: result: no
configure:4615: checking OpenGL/gl.h presence
configure:4625: gcc -E  -D_GNU_SOURCE -D_THREAD_SAFE -D_REENTRANT conftest.c
conftest.c:22:23: error: OpenGL/gl.h: No such file or directory
configure:4631: $? = 1
configure: failed program was:
| /* confdefs.h.  */
| 
| #define PACKAGE_NAME ""
| #define PACKAGE_TARNAME ""
| #define PACKAGE_VERSION ""
| #define PACKAGE_STRING ""
| #define PACKAGE_BUGREPORT ""
| #ifdef __cplusplus
| extern "C" void exit (int) throw ();
| #endif
| #define HAVE_SYS_TYPES_H 1
| #define HAVE_SYS_STAT_H 1
| #define HAVE_STDLIB_H 1
| #define HAVE_STRING_H 1
| #define HAVE_MEMORY_H 1
| #define HAVE_STRINGS_H 1
| #define HAVE_INTTYPES_H 1
| #define HAVE_STDINT_H 1
| #define HAVE_UNISTD_H 1
| #define HAVE_GL_GL_H 1
| /* end confdefs.h.  */
| #include <OpenGL/gl.h>
configure:4651: result: no
configure:4686: checking for OpenGL/gl.h
configure:4693: result: no
configure:4770: checking if wxwidgets have opengl support
configure:4809: g++ -c -g -Wall -O2 -fPIC -fomit-frame-pointer -fno-strict-aliasing   -D_GNU_SOURCE -D_THREAD_SAFE -D_REENTRANT -I/usr/lib/wx/include/gtk2-unicode-release-2.8 -I/usr/include/wx-2.8 -D_FILE_OFFSET_BITS=64 -D_LARGE_FILES -D__WXGTK__ -pthread  -D_GNU_SOURCE -D_THREAD_SAFE -D_REENTRANT conftest.cc >&5
configure:4815: $? = 0
configure:4819: test -z 
			 || test ! -s conftest.err
configure:4822: $? = 0
configure:4825: test -s conftest.o
configure:4828: $? = 0
configure:4851: result: yes
configure:4861: checking for GLintptr
configure:4894: gcc -c -g -Wall -O2 -fPIC -fomit-frame-pointer -fno-strict-aliasing   -D_GNU_SOURCE -D_THREAD_SAFE -D_REENTRANT   -D_GNU_SOURCE -D_THREAD_SAFE -D_REENTRANT conftest.c >&5
configure:4900: $? = 0
configure:4904: test -z 
			 || test ! -s conftest.err
configure:4907: $? = 0
configure:4910: test -s conftest.o
configure:4913: $? = 0
configure:4924: result: yes
configure:4934: checking for GLintptrARB
configure:4967: gcc -c -g -Wall -O2 -fPIC -fomit-frame-pointer -fno-strict-aliasing   -D_GNU_SOURCE -D_THREAD_SAFE -D_REENTRANT   -D_GNU_SOURCE -D_THREAD_SAFE -D_REENTRANT conftest.c >&5
configure:4973: $? = 0
configure:4977: test -z 
			 || test ! -s conftest.err
configure:4980: $? = 0
configure:4983: test -s conftest.o
configure:4986: $? = 0
configure:4997: result: yes
configure:5007: checking for GLchar
configure:5040: gcc -c -g -Wall -O2 -fPIC -fomit-frame-pointer -fno-strict-aliasing   -D_GNU_SOURCE -D_THREAD_SAFE -D_REENTRANT   -D_GNU_SOURCE -D_THREAD_SAFE -D_REENTRANT conftest.c >&5
configure:5046: $? = 0
configure:5050: test -z 
			 || test ! -s conftest.err
configure:5053: $? = 0
configure:5056: test -s conftest.o
configure:5059: $? = 0
configure:5070: result: yes
configure:5080: checking for GLcharARB
configure:5113: gcc -c -g -Wall -O2 -fPIC -fomit-frame-pointer -fno-strict-aliasing   -D_GNU_SOURCE -D_THREAD_SAFE -D_REENTRANT   -D_GNU_SOURCE -D_THREAD_SAFE -D_REENTRANT conftest.c >&5
configure:5119: $? = 0
configure:5123: test -z 
			 || test ! -s conftest.err
configure:5126: $? = 0
configure:5129: test -s conftest.o
configure:5132: $? = 0
configure:5143: result: yes
configure:5153: checking for GLhalfARB
configure:5186: gcc -c -g -Wall -O2 -fPIC -fomit-frame-pointer -fno-strict-aliasing   -D_GNU_SOURCE -D_THREAD_SAFE -D_REENTRANT   -D_GNU_SOURCE -D_THREAD_SAFE -D_REENTRANT conftest.c >&5
configure:5192: $? = 0
configure:5196: test -z 
			 || test ! -s conftest.err
configure:5199: $? = 0
configure:5202: test -s conftest.o
configure:5205: $? = 0
configure:5216: result: yes
configure:5226: checking for GLint64EXT
configure:5259: gcc -c -g -Wall -O2 -fPIC -fomit-frame-pointer -fno-strict-aliasing   -D_GNU_SOURCE -D_THREAD_SAFE -D_REENTRANT   -D_GNU_SOURCE -D_THREAD_SAFE -D_REENTRANT conftest.c >&5
configure:5265: $? = 0
configure:5269: test -z 
			 || test ! -s conftest.err
configure:5272: $? = 0
configure:5275: test -s conftest.o
configure:5278: $? = 0
configure:5289: result: yes
configure:5302: checking GLU Callbacks uses Tiger Style
configure:5345: g++ -c -g -Wall -O2 -fPIC -fomit-frame-pointer -fno-strict-aliasing   -D_GNU_SOURCE -D_THREAD_SAFE -D_REENTRANT -I/usr/lib/wx/include/gtk2-unicode-release-2.8 -I/usr/include/wx-2.8 -D_FILE_OFFSET_BITS=64 -D_LARGE_FILES -D__WXGTK__ -pthread  -D_GNU_SOURCE -D_THREAD_SAFE -D_REENTRANT conftest.cc >&5
conftest.cc: In function 'int main()':
conftest.cc:48: error: invalid conversion from 'GLvoid (*)(...)' to 'void (*)()'
conftest.cc:48: error:   initializing argument 3 of 'void gluTessCallback(GLUtesselator*, GLenum, void (*)())'
configure:5351: $? = 1
configure: failed program was:
| /* confdefs.h.  */
| 
| #define PACKAGE_NAME ""
| #define PACKAGE_TARNAME ""
| #define PACKAGE_VERSION ""
| #define PACKAGE_STRING ""
| #define PACKAGE_BUGREPORT ""
| #ifdef __cplusplus
| extern "C" void exit (int) throw ();
| #endif
| #define HAVE_SYS_TYPES_H 1
| #define HAVE_SYS_STAT_H 1
| #define HAVE_STDLIB_H 1
| #define HAVE_STRING_H 1
| #define HAVE_MEMORY_H 1
| #define HAVE_STRINGS_H 1
| #define HAVE_INTTYPES_H 1
| #define HAVE_STDINT_H 1
| #define HAVE_UNISTD_H 1
| #define HAVE_GL_GL_H 1
| #define HAVE_GL_SUPPORT 1
| #define HAVE_GLINTPTR 1
| #define HAVE_GLINTPTRARB 1
| #define HAVE_GLCHAR 1
| #define HAVE_GLCHARARB 1
| #define HAVE_GLHALFARB 1
| #define HAVE_GLINT64EXT 1
| /* end confdefs.h.  */
| 
|                 #ifdef WIN32
| 		# include <windows.h>
| 	        # include <gl/glu.h>
| 	        #elif defined(HAVE_GL_GL_H)
| 	        # include <GL/glu.h>
|                 #elif defined(HAVE_OPENGL_GL_H)
| 		# include <OpenGL/glu.h>
| 		#endif
| 		#ifndef CALLBACK
| 		# define CALLBACK
| 		#endif
| 		void CALLBACK foo() {};
| 
| int
| main ()
| {
| 
| 		   GLUtesselator* tess;
| 		   gluTessCallback(tess,GLU_TESS_VERTEX,(GLvoid (*)(...)) foo);
| 
|   ;
|   return 0;
| }
configure:5379: result: no
configure:5388: checking for wx/stc/stc.h
configure:5407: g++ -c -g -Wall -O2 -fPIC -fomit-frame-pointer -fno-strict-aliasing   -D_GNU_SOURCE -D_THREAD_SAFE -D_REENTRANT -I/usr/lib/wx/include/gtk2-unicode-release-2.8 -I/usr/include/wx-2.8 -D_FILE_OFFSET_BITS=64 -D_LARGE_FILES -D__WXGTK__ -pthread  -D_GNU_SOURCE -D_THREAD_SAFE -D_REENTRANT conftest.cc >&5
configure:5413: $? = 0
configure:5417: test -z 
			 || test ! -s conftest.err
configure:5420: $? = 0
configure:5423: test -s conftest.o
configure:5426: $? = 0
configure:5437: result: yes
configure:5456: checking if we can link wxwidgets programs
configure:5491: g++ -o conftest -g -Wall -O2 -fPIC -fomit-frame-pointer -fno-strict-aliasing   -D_GNU_SOURCE -D_THREAD_SAFE -D_REENTRANT -I/usr/lib/wx/include/gtk2-unicode-release-2.8 -I/usr/include/wx-2.8 -D_FILE_OFFSET_BITS=64 -D_LARGE_FILES -D__WXGTK__ -pthread  -D_GNU_SOURCE -D_THREAD_SAFE -D_REENTRANT -shared -fPIC conftest.cc  >&5
conftest.cc: In member function 'virtual bool MyApp::OnInit()':
conftest.cc:17: warning: unused variable 'foo'
conftest.cc:18: warning: unused variable 'bar'
configure:5497: $? = 0
configure:5501: test -z 
			 || test ! -s conftest.err
configure:5504: $? = 0
configure:5507: test -s conftest
configure:5510: $? = 0
configure:5534: result: yes
configure:5711: creating i686-pc-linux-gnu/config.status

## ---------------------- ##
## Running config.status. ##
## ---------------------- ##

This file was extended by config.status, which was
generated by GNU Autoconf 2.59.  Invocation command line was

  CONFIG_FILES    = 
  CONFIG_HEADERS  = 
  CONFIG_LINKS    = 
  CONFIG_COMMANDS = 
  $ i686-pc-linux-gnu/config.status 

on dale

config.status:678: creating config.mk
config.status:678: creating c_src/Makefile

## ---------------- ##
## Cache variables. ##
## ---------------- ##

ac_cv_build=i686-pc-linux-gnu
ac_cv_build_alias=i686-pc-linux-gnu
ac_cv_c_compiler_gnu=yes
ac_cv_cxx_compiler_gnu=yes
ac_cv_env_CC_set=
ac_cv_env_CC_value=
ac_cv_env_CFLAGS_set=
ac_cv_env_CFLAGS_value=
ac_cv_env_CPPFLAGS_set=
ac_cv_env_CPPFLAGS_value=
ac_cv_env_CPP_set=
ac_cv_env_CPP_value=
ac_cv_env_CXXFLAGS_set=
ac_cv_env_CXXFLAGS_value=
ac_cv_env_CXX_set=
ac_cv_env_CXX_value=
ac_cv_env_LDFLAGS_set=
ac_cv_env_LDFLAGS_value=
ac_cv_env_build_alias_set=
ac_cv_env_build_alias_value=
ac_cv_env_host_alias_set=
ac_cv_env_host_alias_value=
ac_cv_env_target_alias_set=
ac_cv_env_target_alias_value=
ac_cv_exeext=
ac_cv_header_GL_gl_h=yes
ac_cv_header_OpenGL_gl_h=no
ac_cv_header_inttypes_h=yes
ac_cv_header_memory_h=yes
ac_cv_header_stdc=no
ac_cv_header_stdint_h=yes
ac_cv_header_stdlib_h=yes
ac_cv_header_string_h=yes
ac_cv_header_strings_h=yes
ac_cv_header_sys_stat_h=yes
ac_cv_header_sys_types_h=yes
ac_cv_header_unistd_h=yes
ac_cv_header_wx_stc_stc_h=yes
ac_cv_host=i686-pc-linux-gnu
ac_cv_host_alias=i686-pc-linux-gnu
ac_cv_objext=o
ac_cv_path_WX_CONFIG_PATH=/usr/bin/wx-config
ac_cv_prog_CPP='gcc -E'
ac_cv_prog_ac_ct_CC=gcc
ac_cv_prog_ac_ct_CXX=g++
ac_cv_prog_ac_ct_RANLIB=ranlib
ac_cv_prog_cc_g=yes
ac_cv_prog_cc_stdc=
ac_cv_prog_cxx_g=yes
ac_cv_prog_egrep='grep -E'
ac_cv_type_GLchar=yes
ac_cv_type_GLcharARB=yes
ac_cv_type_GLhalfARB=yes
ac_cv_type_GLint64EXT=yes
ac_cv_type_GLintptr=yes
ac_cv_type_GLintptrARB=yes

## ----------------- ##
## Output variables. ##
## ----------------- ##

CC='gcc'
CFLAGS='-g -Wall -O2 -fPIC -fomit-frame-pointer -fno-strict-aliasing   -D_GNU_SOURCE -D_THREAD_SAFE -D_REENTRANT '
CPP='gcc -E'
CPPFLAGS=' -D_GNU_SOURCE -D_THREAD_SAFE -D_REENTRANT'
CXX='g++'
CXXFLAGS='-g -Wall -O2 -fPIC -fomit-frame-pointer -fno-strict-aliasing   -D_GNU_SOURCE -D_THREAD_SAFE -D_REENTRANT'
DEBUG_CFLAGS='-g -Wall -fPIC -DDEBUG   -D_GNU_SOURCE -D_THREAD_SAFE -D_REENTRANT '
DEBUG_CXXFLAGS='-g -Wall -fPIC -DDEBUG   -D_GNU_SOURCE -D_THREAD_SAFE -D_REENTRANT'
DEBUG_WX_CFLAGS=''
DEBUG_WX_CXXFLAGS=''
DEBUG_WX_LIBS=''
DEBUG_WX_LIBS_STATIC=''
DEFS='-DPACKAGE_NAME=\"\" -DPACKAGE_TARNAME=\"\" -DPACKAGE_VERSION=\"\" -DPACKAGE_STRING=\"\" -DPACKAGE_BUGREPORT=\"\" -DHAVE_SYS_TYPES_H=1 -DHAVE_SYS_STAT_H=1 -DHAVE_STDLIB_H=1 -DHAVE_STRING_H=1 -DHAVE_MEMORY_H=1 -DHAVE_STRINGS_H=1 -DHAVE_INTTYPES_H=1 -DHAVE_STDINT_H=1 -DHAVE_UNISTD_H=1 -DHAVE_GL_GL_H=1 -DHAVE_GL_SUPPORT=1 -DHAVE_GLINTPTR=1 -DHAVE_GLINTPTRARB=1 -DHAVE_GLCHAR=1 -DHAVE_GLCHARARB=1 -DHAVE_GLHALFARB=1 -DHAVE_GLINT64EXT=1 -DHAVE_WX_STC_STC_H=1 '
ECHO_C=''
ECHO_N='-n'
ECHO_T=''
EGREP='grep -E'
ERLANG_ROOT_DIR='/home/dale/apps/otp_src_R13B'
ERLC='erlc'
EXEEXT=''
HAVE_GL_SUPPORT='yes'
LDFLAGS='-shared -fPIC'
LIBOBJS=''
LIBS=''
LTLIBOBJS=''
MIXED_CYGWIN='no'
MIXED_CYGWIN_MINGW='no'
MIXED_CYGWIN_VC='no'
OBJEXT='o'
PACKAGE_BUGREPORT=''
PACKAGE_NAME=''
PACKAGE_STRING=''
PACKAGE_TARNAME=''
PACKAGE_VERSION=''
PATH_SEPARATOR=':'
RANLIB='ranlib'
RC_FILE_TYPE='o'
RUN_ERL='erl'
SHELL='/bin/bash'
SO_EXT='.so'
TARGET='i686-pc-linux-gnu'
TESS_CB_TIGER_STYLE='no'
WXERL_CAN_BUILD_DRIVER='true'
WXERL_SYS_TYPE='i686-pc-linux-gnu'
WX_BUILDING_INSIDE_ERLSRC='true'
WX_CFLAGS='-I/usr/lib/wx/include/gtk2-unicode-release-2.8 -I/usr/include/wx-2.8 -D_FILE_OFFSET_BITS=64 -D_LARGE_FILES -D__WXGTK__ -pthread'
WX_CFLAGS_ONLY='-pthread'
WX_CONFIG_PATH='/usr/bin/wx-config'
WX_CPPFLAGS='-I/usr/lib/wx/include/gtk2-unicode-release-2.8 -I/usr/include/wx-2.8 -D_FILE_OFFSET_BITS=64 -D_LARGE_FILES -D__WXGTK__'
WX_CXXFLAGS='-I/usr/lib/wx/include/gtk2-unicode-release-2.8 -I/usr/include/wx-2.8 -D_FILE_OFFSET_BITS=64 -D_LARGE_FILES -D__WXGTK__ -pthread'
WX_CXXFLAGS_ONLY=''
WX_HAVE_STATIC_LIBS='false'
WX_LIBS='-pthread -Wl,-Bsymbolic-functions  -lwx_gtk2u_stc-2.8 -lwx_gtk2u_xrc-2.8 -lwx_gtk2u_html-2.8 -lwx_gtk2u_adv-2.8 -lwx_baseu_xml-2.8 -lwx_gtk2u_core-2.8 -lwx_baseu-2.8 -lwx_gtk2u_gl-2.8 -lwx_gtk2u_aui-2.8 '
WX_LIBS_STATIC=''
WX_RESCOMP=''
WX_VERSION='2.8.9'
ac_ct_CC='gcc'
ac_ct_CXX='g++'
ac_ct_RANLIB='ranlib'
bindir='${exec_prefix}/bin'
build='i686-pc-linux-gnu'
build_alias=''
build_cpu='i686'
build_os='linux-gnu'
build_vendor='pc'
datadir='${prefix}/share'
exec_prefix='${prefix}'
host='i686-pc-linux-gnu'
host_alias=''
host_cpu='i686'
host_os='linux-gnu'
host_vendor='pc'
includedir='${prefix}/include'
infodir='${prefix}/info'
libdir='${exec_prefix}/lib'
libexecdir='${exec_prefix}/libexec'
localstatedir='${prefix}/var'
mandir='${prefix}/man'
oldincludedir='/usr/include'
prefix='/usr/local'
program_transform_name='s,x,x,'
sbindir='${exec_prefix}/sbin'
sharedstatedir='${prefix}/com'
sysconfdir='${prefix}/etc'
target_alias=''

## ----------- ##
## confdefs.h. ##
## ----------- ##

#define HAVE_GLCHAR 1
#define HAVE_GLCHARARB 1
#define HAVE_GLHALFARB 1
#define HAVE_GLINT64EXT 1
#define HAVE_GLINTPTR 1
#define HAVE_GLINTPTRARB 1
#define HAVE_GL_GL_H 1
#define HAVE_GL_SUPPORT 1
#define HAVE_INTTYPES_H 1
#define HAVE_MEMORY_H 1
#define HAVE_STDINT_H 1
#define HAVE_STDLIB_H 1
#define HAVE_STRINGS_H 1
#define HAVE_STRING_H 1
#define HAVE_SYS_STAT_H 1
#define HAVE_SYS_TYPES_H 1
#define HAVE_UNISTD_H 1
#define HAVE_WX_STC_STC_H 1
#define PACKAGE_BUGREPORT ""
#define PACKAGE_NAME ""
#define PACKAGE_STRING ""
#define PACKAGE_TARNAME ""
#define PACKAGE_VERSION ""
#endif
#ifdef __cplusplus
extern "C" void exit (int) throw ();

configure: exit 0
